#
# There is insufficient memory for the Java Runtime Environment to continue.
# Native memory allocation (malloc) failed to allocate 1333296 bytes for Chunk::new
# Possible reasons:
#   The system is out of physical RAM or swap space
#   The process is running with CompressedOops enabled, and the Java Heap may be blocking the growth of the native heap
# Possible solutions:
#   Reduce memory load on the system
#   Increase physical memory or swap space
#   Check if swap backing store is full
#   Decrease Java heap size (-Xmx/-Xms)
#   Decrease number of Java threads
#   Decrease Java thread stack sizes (-Xss)
#   Set larger code cache with -XX:ReservedCodeCacheSize=
#   JVM is running with Unscaled Compressed Oops mode in which the Java heap is
#     placed in the first 4GB address space. The Java Heap base address is the
#     maximum limit for the native heap growth. Please use -XX:HeapBaseMinAddress
#     to set the Java Heap base and to place the Java Heap above 4GB virtual address.
# This output file may be truncated or incomplete.
#
#  Out of Memory Error (arena.cpp:189), pid=3204, tid=10296
#
# JRE version: Java(TM) SE Runtime Environment (17.0.12+8) (build 17.0.12+8-LTS-286)
# Java VM: Java HotSpot(TM) 64-Bit Server VM (17.0.12+8-LTS-286, mixed mode, sharing, tiered, compressed oops, compressed class ptrs, g1 gc, windows-amd64)
# No core dump will be written. Minidumps are not enabled by default on client versions of Windows
#

---------------  S U M M A R Y ------------

Command Line: org.jetbrains.kotlin.cli.jvm.K2JVMCompiler @E:\dream-frontend-host\node_modules\expo-modules-core\android\build\20241005_10088177274140081722.compiler.options

Host: AMD Ryzen 5 3550H with Radeon Vega Mobile Gfx  , 8 cores, 5G,  Windows 10 , 64 bit Build 19041 (10.0.19041.4842)
Time: Sat Oct  5 04:26:40 2024 India Standard Time elapsed time: 68.094729 seconds (0d 0h 1m 8s)

---------------  T H R E A D  ---------------

Current thread (0x000002042716f660):  JavaThread "C2 CompilerThread0" daemon [_thread_in_native, id=10296, stack(0x000000758cb00000,0x000000758cc00000)]


Current CompileTask:
C2:  68096 15516       4       org.jetbrains.kotlin.resolve.calls.tower.TowerResolver::processTowerData (97 bytes)

Stack: [0x000000758cb00000,0x000000758cc00000]
Native frames: (J=compiled Java code, j=interpreted, Vv=VM code, C=native code)
V  [jvm.dll+0x67a04a]
V  [jvm.dll+0x7da4ed]
V  [jvm.dll+0x7dbe33]
V  [jvm.dll+0x7dc4a3]
V  [jvm.dll+0x24508f]
V  [jvm.dll+0xab773]
V  [jvm.dll+0xabd3c]
V  [jvm.dll+0x2aa52f]
V  [jvm.dll+0x581eb9]
V  [jvm.dll+0x21f422]
V  [jvm.dll+0x2184c2]
V  [jvm.dll+0x215b65]
V  [jvm.dll+0x1a2960]
V  [jvm.dll+0x22610b]
V  [jvm.dll+0x2242ab]
V  [jvm.dll+0x79075c]
V  [jvm.dll+0x78abea]
V  [jvm.dll+0x678f35]
C  [ucrtbase.dll+0x21bb2]
C  [KERNEL32.DLL+0x17374]
C  [ntdll.dll+0x4cc91]


---------------  P R O C E S S  ---------------

Threads class SMR info:
_java_thread_list=0x000002042737d430, length=12, elements={
0x000002040a3ba6f0, 0x0000020427152890, 0x0000020427153a30, 0x000002042716bfc0,
0x000002042716c890, 0x000002042716d160, 0x000002042716da30, 0x000002042716f660,
0x0000020427170630, 0x0000020427180870, 0x00000204273ac650, 0x00000204273b07d0
}

Java Threads: ( => current thread )
  0x000002040a3ba6f0 JavaThread "main" [_thread_in_vm, id=12660, stack(0x000000758be00000,0x000000758bf00000)]
  0x0000020427152890 JavaThread "Reference Handler" daemon [_thread_blocked, id=20036, stack(0x000000758c500000,0x000000758c600000)]
  0x0000020427153a30 JavaThread "Finalizer" daemon [_thread_blocked, id=16020, stack(0x000000758c600000,0x000000758c700000)]
  0x000002042716bfc0 JavaThread "Signal Dispatcher" daemon [_thread_blocked, id=14356, stack(0x000000758c700000,0x000000758c800000)]
  0x000002042716c890 JavaThread "Attach Listener" daemon [_thread_blocked, id=19884, stack(0x000000758c800000,0x000000758c900000)]
  0x000002042716d160 JavaThread "Service Thread" daemon [_thread_blocked, id=22356, stack(0x000000758c900000,0x000000758ca00000)]
  0x000002042716da30 JavaThread "Monitor Deflation Thread" daemon [_thread_blocked, id=8976, stack(0x000000758ca00000,0x000000758cb00000)]
=>0x000002042716f660 JavaThread "C2 CompilerThread0" daemon [_thread_in_native, id=10296, stack(0x000000758cb00000,0x000000758cc00000)]
  0x0000020427170630 JavaThread "C1 CompilerThread0" daemon [_thread_blocked, id=2320, stack(0x000000758cc00000,0x000000758cd00000)]
  0x0000020427180870 JavaThread "Sweeper thread" daemon [_thread_blocked, id=12000, stack(0x000000758cd00000,0x000000758ce00000)]
  0x00000204273ac650 JavaThread "Notification Thread" daemon [_thread_blocked, id=22168, stack(0x000000758ce00000,0x000000758cf00000)]
  0x00000204273b07d0 JavaThread "Common-Cleaner" daemon [_thread_blocked, id=5260, stack(0x000000758d000000,0x000000758d100000)]

Other Threads:
  0x000002042714aa40 VMThread "VM Thread" [stack: 0x000000758c400000,0x000000758c500000] [id=13300]
  0x00000204273af350 WatcherThread [stack: 0x000000758cf00000,0x000000758d000000] [id=6648]
  0x000002040a403420 GCTaskThread "GC Thread#0" [stack: 0x000000758bf00000,0x000000758c000000] [id=3120]
  0x000002042781c530 GCTaskThread "GC Thread#1" [stack: 0x000000758d100000,0x000000758d200000] [id=19020]
  0x00000204278e90d0 GCTaskThread "GC Thread#2" [stack: 0x000000758d200000,0x000000758d300000] [id=16420]
  0x00000204278e9390 GCTaskThread "GC Thread#3" [stack: 0x000000758d300000,0x000000758d400000] [id=20760]
  0x00000204278e9650 GCTaskThread "GC Thread#4" [stack: 0x000000758d400000,0x000000758d500000] [id=20500]
  0x00000204278e9b20 GCTaskThread "GC Thread#5" [stack: 0x000000758d500000,0x000000758d600000] [id=16024]
  0x0000020427ce2280 GCTaskThread "GC Thread#6" [stack: 0x000000758d600000,0x000000758d700000] [id=8828]
  0x0000020427ce2540 GCTaskThread "GC Thread#7" [stack: 0x000000758d700000,0x000000758d800000] [id=15828]
  0x000002040a40fe80 ConcurrentGCThread "G1 Main Marker" [stack: 0x000000758c000000,0x000000758c100000] [id=10472]
  0x000002040a4107a0 ConcurrentGCThread "G1 Conc#0" [stack: 0x000000758c100000,0x000000758c200000] [id=3500]
  0x0000020427d2e6a0 ConcurrentGCThread "G1 Conc#1" [stack: 0x000000758d800000,0x000000758d900000] [id=18012]
  0x000002040a488fa0 ConcurrentGCThread "G1 Refine#0" [stack: 0x000000758c200000,0x000000758c300000] [id=22028]
  0x000002046e202a00 ConcurrentGCThread "G1 Refine#1" [stack: 0x000000758d900000,0x000000758da00000] [id=13824]
  0x000002046ddeb340 ConcurrentGCThread "G1 Refine#2" [stack: 0x000000758da00000,0x000000758db00000] [id=12312]
  0x000002040a48b7f0 ConcurrentGCThread "G1 Service" [stack: 0x000000758c300000,0x000000758c400000] [id=20444]

Threads with active compile tasks:
C2 CompilerThread0    68155 15516       4       org.jetbrains.kotlin.resolve.calls.tower.TowerResolver::processTowerData (97 bytes)

VM state: not at safepoint (normal execution)

VM Mutex/Monitor currently owned by a thread: None

Heap address: 0x00000000a2000000, size: 1504 MB, Compressed Oops mode: 32-bit

CDS archive(s) mapped at: [0x0000020428000000-0x0000020428bd0000-0x0000020428bd0000), size 12386304, SharedBaseAddress: 0x0000020428000000, ArchiveRelocationMode: 1.
Compressed class space mapped at: 0x0000020429000000-0x0000020469000000, reserved size: 1073741824
Narrow klass base: 0x0000020428000000, Narrow klass shift: 0, Narrow klass range: 0x100000000

GC Precious Log:
 CPUs: 8 total, 8 available
 Memory: 6015M
 Large Page Support: Disabled
 NUMA Support: Disabled
 Compressed Oops: Enabled (32-bit)
 Heap Region Size: 1M
 Heap Min Capacity: 8M
 Heap Initial Capacity: 94M
 Heap Max Capacity: 1504M
 Pre-touch: Disabled
 Parallel Workers: 8
 Concurrent Workers: 2
 Concurrent Refinement Workers: 8
 Periodic GC: Disabled

Heap:
 garbage-first heap   total 322560K, used 155571K [0x00000000a2000000, 0x0000000100000000)
  region size 1024K, 72 young (73728K), 9 survivors (9216K)
 Metaspace       used 58663K, committed 58944K, reserved 1114112K
  class space    used 6595K, committed 6720K, reserved 1048576K

Heap Regions: E=young(eden), S=young(survivor), O=old, HS=humongous(starts), HC=humongous(continues), CS=collection set, F=free, OA=open archive, CA=closed archive, TAMS=top-at-mark-start (previous, next)
|   0|0x00000000a2000000, 0x00000000a2100000, 0x00000000a2100000|100%|HS|  |TAMS 0x00000000a2100000, 0x00000000a2000000| Complete 
|   1|0x00000000a2100000, 0x00000000a2200000, 0x00000000a2200000|100%|HC|  |TAMS 0x00000000a2200000, 0x00000000a2100000| Complete 
|   2|0x00000000a2200000, 0x00000000a2300000, 0x00000000a2300000|100%|HC|  |TAMS 0x00000000a2300000, 0x00000000a2200000| Complete 
|   3|0x00000000a2300000, 0x00000000a2400000, 0x00000000a2400000|100%|HC|  |TAMS 0x00000000a2400000, 0x00000000a2300000| Complete 
|   4|0x00000000a2400000, 0x00000000a2500000, 0x00000000a2500000|100%| O|  |TAMS 0x00000000a2500000, 0x00000000a2400000| Untracked 
|   5|0x00000000a2500000, 0x00000000a2600000, 0x00000000a2600000|100%| O|  |TAMS 0x00000000a2600000, 0x00000000a2500000| Untracked 
|   6|0x00000000a2600000, 0x00000000a2700000, 0x00000000a2700000|100%| O|  |TAMS 0x00000000a2700000, 0x00000000a2600000| Untracked 
|   7|0x00000000a2700000, 0x00000000a2800000, 0x00000000a2800000|100%| O|  |TAMS 0x00000000a2800000, 0x00000000a2700000| Untracked 
|   8|0x00000000a2800000, 0x00000000a2900000, 0x00000000a2900000|100%| O|  |TAMS 0x00000000a2900000, 0x00000000a2800000| Untracked 
|   9|0x00000000a2900000, 0x00000000a2a00000, 0x00000000a2a00000|100%| O|  |TAMS 0x00000000a2a00000, 0x00000000a2900000| Untracked 
|  10|0x00000000a2a00000, 0x00000000a2b00000, 0x00000000a2b00000|100%| O|  |TAMS 0x00000000a2b00000, 0x00000000a2a00000| Untracked 
|  11|0x00000000a2b00000, 0x00000000a2c00000, 0x00000000a2c00000|100%| O|  |TAMS 0x00000000a2c00000, 0x00000000a2b00000| Untracked 
|  12|0x00000000a2c00000, 0x00000000a2d00000, 0x00000000a2d00000|100%| O|  |TAMS 0x00000000a2d00000, 0x00000000a2c00000| Untracked 
|  13|0x00000000a2d00000, 0x00000000a2e00000, 0x00000000a2e00000|100%| O|  |TAMS 0x00000000a2e00000, 0x00000000a2d00000| Untracked 
|  14|0x00000000a2e00000, 0x00000000a2f00000, 0x00000000a2f00000|100%| O|  |TAMS 0x00000000a2f00000, 0x00000000a2e00000| Untracked 
|  15|0x00000000a2f00000, 0x00000000a3000000, 0x00000000a3000000|100%| O|  |TAMS 0x00000000a3000000, 0x00000000a2f00000| Untracked 
|  16|0x00000000a3000000, 0x00000000a3100000, 0x00000000a3100000|100%| O|  |TAMS 0x00000000a3100000, 0x00000000a3000000| Untracked 
|  17|0x00000000a3100000, 0x00000000a3200000, 0x00000000a3200000|100%| O|  |TAMS 0x00000000a3200000, 0x00000000a3100000| Untracked 
|  18|0x00000000a3200000, 0x00000000a3300000, 0x00000000a3300000|100%| O|  |TAMS 0x00000000a3300000, 0x00000000a3200000| Untracked 
|  19|0x00000000a3300000, 0x00000000a3400000, 0x00000000a3400000|100%| O|  |TAMS 0x00000000a3400000, 0x00000000a3300000| Untracked 
|  20|0x00000000a3400000, 0x00000000a3500000, 0x00000000a3500000|100%| O|  |TAMS 0x00000000a3500000, 0x00000000a3400000| Untracked 
|  21|0x00000000a3500000, 0x00000000a3600000, 0x00000000a3600000|100%| O|  |TAMS 0x00000000a3600000, 0x00000000a3500000| Untracked 
|  22|0x00000000a3600000, 0x00000000a3700000, 0x00000000a3700000|100%| O|  |TAMS 0x00000000a3700000, 0x00000000a3600000| Untracked 
|  23|0x00000000a3700000, 0x00000000a3800000, 0x00000000a3800000|100%|HS|  |TAMS 0x00000000a3800000, 0x00000000a3700000| Complete 
|  24|0x00000000a3800000, 0x00000000a3900000, 0x00000000a3900000|100%|HC|  |TAMS 0x00000000a3900000, 0x00000000a3800000| Complete 
|  25|0x00000000a3900000, 0x00000000a3a00000, 0x00000000a3a00000|100%| O|  |TAMS 0x00000000a3a00000, 0x00000000a3900000| Untracked 
|  26|0x00000000a3a00000, 0x00000000a3b00000, 0x00000000a3b00000|100%| O|  |TAMS 0x00000000a3b00000, 0x00000000a3a00000| Untracked 
|  27|0x00000000a3b00000, 0x00000000a3c00000, 0x00000000a3c00000|100%| O|  |TAMS 0x00000000a3c00000, 0x00000000a3b00000| Untracked 
|  28|0x00000000a3c00000, 0x00000000a3d00000, 0x00000000a3d00000|100%| O|  |TAMS 0x00000000a3d00000, 0x00000000a3c00000| Untracked 
|  29|0x00000000a3d00000, 0x00000000a3e00000, 0x00000000a3e00000|100%| O|  |TAMS 0x00000000a3e00000, 0x00000000a3d00000| Untracked 
|  30|0x00000000a3e00000, 0x00000000a3f00000, 0x00000000a3f00000|100%| O|  |TAMS 0x00000000a3f00000, 0x00000000a3e00000| Untracked 
|  31|0x00000000a3f00000, 0x00000000a4000000, 0x00000000a4000000|100%| O|  |TAMS 0x00000000a4000000, 0x00000000a3f00000| Untracked 
|  32|0x00000000a4000000, 0x00000000a4100000, 0x00000000a4100000|100%| O|  |TAMS 0x00000000a4100000, 0x00000000a4000000| Untracked 
|  33|0x00000000a4100000, 0x00000000a4200000, 0x00000000a4200000|100%| O|  |TAMS 0x00000000a4200000, 0x00000000a4100000| Untracked 
|  34|0x00000000a4200000, 0x00000000a4300000, 0x00000000a4300000|100%| O|  |TAMS 0x00000000a4300000, 0x00000000a4200000| Untracked 
|  35|0x00000000a4300000, 0x00000000a4400000, 0x00000000a4400000|100%| O|  |TAMS 0x00000000a4400000, 0x00000000a4300000| Untracked 
|  36|0x00000000a4400000, 0x00000000a4500000, 0x00000000a4500000|100%| O|  |TAMS 0x00000000a4500000, 0x00000000a4400000| Untracked 
|  37|0x00000000a4500000, 0x00000000a4600000, 0x00000000a4600000|100%| O|  |TAMS 0x00000000a4600000, 0x00000000a4500000| Untracked 
|  38|0x00000000a4600000, 0x00000000a4700000, 0x00000000a4700000|100%| O|  |TAMS 0x00000000a4700000, 0x00000000a4600000| Untracked 
|  39|0x00000000a4700000, 0x00000000a4800000, 0x00000000a4800000|100%| O|  |TAMS 0x00000000a4800000, 0x00000000a4700000| Untracked 
|  40|0x00000000a4800000, 0x00000000a4900000, 0x00000000a4900000|100%| O|  |TAMS 0x00000000a4900000, 0x00000000a4800000| Untracked 
|  41|0x00000000a4900000, 0x00000000a4a00000, 0x00000000a4a00000|100%| O|  |TAMS 0x00000000a4a00000, 0x00000000a4900000| Untracked 
|  42|0x00000000a4a00000, 0x00000000a4b00000, 0x00000000a4b00000|100%| O|  |TAMS 0x00000000a4a00000, 0x00000000a4a00000| Untracked 
|  43|0x00000000a4b00000, 0x00000000a4c00000, 0x00000000a4c00000|100%|HS|  |TAMS 0x00000000a4c00000, 0x00000000a4b00000| Complete 
|  44|0x00000000a4c00000, 0x00000000a4d00000, 0x00000000a4d00000|100%|HC|  |TAMS 0x00000000a4d00000, 0x00000000a4c00000| Complete 
|  45|0x00000000a4d00000, 0x00000000a4e00000, 0x00000000a4e00000|100%| O|  |TAMS 0x00000000a4e00000, 0x00000000a4d00000| Untracked 
|  46|0x00000000a4e00000, 0x00000000a4f00000, 0x00000000a4f00000|100%| O|  |TAMS 0x00000000a4f00000, 0x00000000a4e00000| Untracked 
|  47|0x00000000a4f00000, 0x00000000a5000000, 0x00000000a5000000|100%| O|  |TAMS 0x00000000a4f00000, 0x00000000a4f00000| Untracked 
|  48|0x00000000a5000000, 0x00000000a5100000, 0x00000000a5100000|100%| O|  |TAMS 0x00000000a5100000, 0x00000000a5000000| Untracked 
|  49|0x00000000a5100000, 0x00000000a5200000, 0x00000000a5200000|100%| O|  |TAMS 0x00000000a5200000, 0x00000000a5100000| Untracked 
|  50|0x00000000a5200000, 0x00000000a5300000, 0x00000000a5300000|100%| O|  |TAMS 0x00000000a5300000, 0x00000000a5200000| Untracked 
|  51|0x00000000a5300000, 0x00000000a5400000, 0x00000000a5400000|100%| O|  |TAMS 0x00000000a5400000, 0x00000000a5300000| Untracked 
|  52|0x00000000a5400000, 0x00000000a5500000, 0x00000000a5500000|100%| O|  |TAMS 0x00000000a5500000, 0x00000000a5400000| Untracked 
|  53|0x00000000a5500000, 0x00000000a5600000, 0x00000000a5600000|100%| O|  |TAMS 0x00000000a5600000, 0x00000000a5500000| Untracked 
|  54|0x00000000a5600000, 0x00000000a5700000, 0x00000000a5700000|100%| O|  |TAMS 0x00000000a5700000, 0x00000000a5600000| Untracked 
|  55|0x00000000a5700000, 0x00000000a5800000, 0x00000000a5800000|100%| O|  |TAMS 0x00000000a5800000, 0x00000000a5700000| Untracked 
|  56|0x00000000a5800000, 0x00000000a5900000, 0x00000000a5900000|100%| O|  |TAMS 0x00000000a5900000, 0x00000000a5800000| Untracked 
|  57|0x00000000a5900000, 0x00000000a5a00000, 0x00000000a5a00000|100%| O|  |TAMS 0x00000000a5a00000, 0x00000000a5900000| Untracked 
|  58|0x00000000a5a00000, 0x00000000a5b00000, 0x00000000a5b00000|100%| O|  |TAMS 0x00000000a5b00000, 0x00000000a5a00000| Untracked 
|  59|0x00000000a5b00000, 0x00000000a5c00000, 0x00000000a5c00000|100%| O|  |TAMS 0x00000000a5c00000, 0x00000000a5b00000| Untracked 
|  60|0x00000000a5c00000, 0x00000000a5d00000, 0x00000000a5d00000|100%| O|  |TAMS 0x00000000a5d00000, 0x00000000a5c00000| Untracked 
|  61|0x00000000a5d00000, 0x00000000a5e00000, 0x00000000a5e00000|100%| O|  |TAMS 0x00000000a5e00000, 0x00000000a5d00000| Untracked 
|  62|0x00000000a5e00000, 0x00000000a5f00000, 0x00000000a5f00000|100%| O|  |TAMS 0x00000000a5f00000, 0x00000000a5e00000| Untracked 
|  63|0x00000000a5f00000, 0x00000000a6000000, 0x00000000a6000000|100%| O|  |TAMS 0x00000000a6000000, 0x00000000a5f00000| Untracked 
|  64|0x00000000a6000000, 0x00000000a6100000, 0x00000000a6100000|100%| O|  |TAMS 0x00000000a6100000, 0x00000000a6000000| Untracked 
|  65|0x00000000a6100000, 0x00000000a6200000, 0x00000000a6200000|100%| O|  |TAMS 0x00000000a6200000, 0x00000000a6100000| Untracked 
|  66|0x00000000a6200000, 0x00000000a6300000, 0x00000000a6300000|100%| O|  |TAMS 0x00000000a6300000, 0x00000000a6200000| Untracked 
|  67|0x00000000a6300000, 0x00000000a6400000, 0x00000000a6400000|100%| O|  |TAMS 0x00000000a6400000, 0x00000000a6300000| Untracked 
|  68|0x00000000a6400000, 0x00000000a6500000, 0x00000000a6500000|100%| O|  |TAMS 0x00000000a6500000, 0x00000000a6400000| Untracked 
|  69|0x00000000a6500000, 0x00000000a6600000, 0x00000000a6600000|100%| O|  |TAMS 0x00000000a6600000, 0x00000000a6500000| Untracked 
|  70|0x00000000a6600000, 0x00000000a6700000, 0x00000000a6700000|100%| O|  |TAMS 0x00000000a665c000, 0x00000000a6600000| Untracked 
|  71|0x00000000a6700000, 0x00000000a6800000, 0x00000000a6800000|100%| O|  |TAMS 0x00000000a6700000, 0x00000000a6700000| Untracked 
|  72|0x00000000a6800000, 0x00000000a6900000, 0x00000000a6900000|100%| O|  |TAMS 0x00000000a6800000, 0x00000000a6800000| Untracked 
|  73|0x00000000a6900000, 0x00000000a6a00000, 0x00000000a6a00000|100%| O|  |TAMS 0x00000000a6900000, 0x00000000a6900000| Untracked 
|  74|0x00000000a6a00000, 0x00000000a6b00000, 0x00000000a6b00000|100%| O|  |TAMS 0x00000000a6a00000, 0x00000000a6a00000| Untracked 
|  75|0x00000000a6b00000, 0x00000000a6c00000, 0x00000000a6c00000|100%| O|  |TAMS 0x00000000a6b00000, 0x00000000a6b00000| Untracked 
|  76|0x00000000a6c00000, 0x00000000a6d00000, 0x00000000a6d00000|100%| O|  |TAMS 0x00000000a6c00000, 0x00000000a6c00000| Untracked 
|  77|0x00000000a6d00000, 0x00000000a6e00000, 0x00000000a6e00000|100%| O|  |TAMS 0x00000000a6d00000, 0x00000000a6d00000| Untracked 
|  78|0x00000000a6e00000, 0x00000000a6f00000, 0x00000000a6f00000|100%| O|  |TAMS 0x00000000a6e00000, 0x00000000a6e00000| Untracked 
|  79|0x00000000a6f00000, 0x00000000a7000000, 0x00000000a7000000|100%| O|  |TAMS 0x00000000a6f00000, 0x00000000a6f00000| Untracked 
|  80|0x00000000a7000000, 0x00000000a70f2800, 0x00000000a7100000| 94%| O|  |TAMS 0x00000000a7000000, 0x00000000a7000000| Untracked 
|  81|0x00000000a7100000, 0x00000000a7100000, 0x00000000a7200000|  0%| F|  |TAMS 0x00000000a7100000, 0x00000000a7100000| Untracked 
|  82|0x00000000a7200000, 0x00000000a7200000, 0x00000000a7300000|  0%| F|  |TAMS 0x00000000a7200000, 0x00000000a7200000| Untracked 
|  83|0x00000000a7300000, 0x00000000a7300000, 0x00000000a7400000|  0%| F|  |TAMS 0x00000000a7300000, 0x00000000a7300000| Untracked 
|  84|0x00000000a7400000, 0x00000000a7400000, 0x00000000a7500000|  0%| F|  |TAMS 0x00000000a7400000, 0x00000000a7400000| Untracked 
|  85|0x00000000a7500000, 0x00000000a7500000, 0x00000000a7600000|  0%| F|  |TAMS 0x00000000a7500000, 0x00000000a7500000| Untracked 
|  86|0x00000000a7600000, 0x00000000a7600000, 0x00000000a7700000|  0%| F|  |TAMS 0x00000000a7600000, 0x00000000a7600000| Untracked 
|  87|0x00000000a7700000, 0x00000000a7700000, 0x00000000a7800000|  0%| F|  |TAMS 0x00000000a7700000, 0x00000000a7700000| Untracked 
|  88|0x00000000a7800000, 0x00000000a7800000, 0x00000000a7900000|  0%| F|  |TAMS 0x00000000a7800000, 0x00000000a7800000| Untracked 
|  89|0x00000000a7900000, 0x00000000a7900000, 0x00000000a7a00000|  0%| F|  |TAMS 0x00000000a7900000, 0x00000000a7900000| Untracked 
|  90|0x00000000a7a00000, 0x00000000a7a00000, 0x00000000a7b00000|  0%| F|  |TAMS 0x00000000a7a00000, 0x00000000a7a00000| Untracked 
|  91|0x00000000a7b00000, 0x00000000a7b00000, 0x00000000a7c00000|  0%| F|  |TAMS 0x00000000a7b00000, 0x00000000a7b00000| Untracked 
|  92|0x00000000a7c00000, 0x00000000a7c00000, 0x00000000a7d00000|  0%| F|  |TAMS 0x00000000a7c00000, 0x00000000a7c00000| Untracked 
|  93|0x00000000a7d00000, 0x00000000a7d00000, 0x00000000a7e00000|  0%| F|  |TAMS 0x00000000a7d00000, 0x00000000a7d00000| Untracked 
|  94|0x00000000a7e00000, 0x00000000a7e00000, 0x00000000a7f00000|  0%| F|  |TAMS 0x00000000a7e00000, 0x00000000a7e00000| Untracked 
|  95|0x00000000a7f00000, 0x00000000a7f00000, 0x00000000a8000000|  0%| F|  |TAMS 0x00000000a7f00000, 0x00000000a7f00000| Untracked 
|  96|0x00000000a8000000, 0x00000000a8000000, 0x00000000a8100000|  0%| F|  |TAMS 0x00000000a8000000, 0x00000000a8000000| Untracked 
|  97|0x00000000a8100000, 0x00000000a8100000, 0x00000000a8200000|  0%| F|  |TAMS 0x00000000a8100000, 0x00000000a8100000| Untracked 
|  98|0x00000000a8200000, 0x00000000a8200000, 0x00000000a8300000|  0%| F|  |TAMS 0x00000000a8200000, 0x00000000a8200000| Untracked 
|  99|0x00000000a8300000, 0x00000000a8300000, 0x00000000a8400000|  0%| F|  |TAMS 0x00000000a8300000, 0x00000000a8300000| Untracked 
| 100|0x00000000a8400000, 0x00000000a8400000, 0x00000000a8500000|  0%| F|  |TAMS 0x00000000a8400000, 0x00000000a8400000| Untracked 
| 101|0x00000000a8500000, 0x00000000a8500000, 0x00000000a8600000|  0%| F|  |TAMS 0x00000000a8500000, 0x00000000a8500000| Untracked 
| 102|0x00000000a8600000, 0x00000000a8600000, 0x00000000a8700000|  0%| F|  |TAMS 0x00000000a8600000, 0x00000000a8600000| Untracked 
| 103|0x00000000a8700000, 0x00000000a8700000, 0x00000000a8800000|  0%| F|  |TAMS 0x00000000a8700000, 0x00000000a8700000| Untracked 
| 104|0x00000000a8800000, 0x00000000a8800000, 0x00000000a8900000|  0%| F|  |TAMS 0x00000000a8800000, 0x00000000a8800000| Untracked 
| 105|0x00000000a8900000, 0x00000000a8900000, 0x00000000a8a00000|  0%| F|  |TAMS 0x00000000a8900000, 0x00000000a8900000| Untracked 
| 106|0x00000000a8a00000, 0x00000000a8a00000, 0x00000000a8b00000|  0%| F|  |TAMS 0x00000000a8a00000, 0x00000000a8a00000| Untracked 
| 107|0x00000000a8b00000, 0x00000000a8b00000, 0x00000000a8c00000|  0%| F|  |TAMS 0x00000000a8b00000, 0x00000000a8b00000| Untracked 
| 108|0x00000000a8c00000, 0x00000000a8c00000, 0x00000000a8d00000|  0%| F|  |TAMS 0x00000000a8c00000, 0x00000000a8c00000| Untracked 
| 109|0x00000000a8d00000, 0x00000000a8d00000, 0x00000000a8e00000|  0%| F|  |TAMS 0x00000000a8d00000, 0x00000000a8d00000| Untracked 
| 110|0x00000000a8e00000, 0x00000000a8e00000, 0x00000000a8f00000|  0%| F|  |TAMS 0x00000000a8e00000, 0x00000000a8e00000| Untracked 
| 111|0x00000000a8f00000, 0x00000000a8f00000, 0x00000000a9000000|  0%| F|  |TAMS 0x00000000a8f00000, 0x00000000a8f00000| Untracked 
| 112|0x00000000a9000000, 0x00000000a9000000, 0x00000000a9100000|  0%| F|  |TAMS 0x00000000a9000000, 0x00000000a9000000| Untracked 
| 113|0x00000000a9100000, 0x00000000a9100000, 0x00000000a9200000|  0%| F|  |TAMS 0x00000000a9100000, 0x00000000a9100000| Untracked 
| 114|0x00000000a9200000, 0x00000000a9200000, 0x00000000a9300000|  0%| F|  |TAMS 0x00000000a9200000, 0x00000000a9200000| Untracked 
| 115|0x00000000a9300000, 0x00000000a9300000, 0x00000000a9400000|  0%| F|  |TAMS 0x00000000a9300000, 0x00000000a9300000| Untracked 
| 116|0x00000000a9400000, 0x00000000a9400000, 0x00000000a9500000|  0%| F|  |TAMS 0x00000000a9400000, 0x00000000a9400000| Untracked 
| 117|0x00000000a9500000, 0x00000000a95fa710, 0x00000000a9600000| 97%| S|CS|TAMS 0x00000000a9500000, 0x00000000a9500000| Complete 
| 118|0x00000000a9600000, 0x00000000a9700000, 0x00000000a9700000|100%| S|CS|TAMS 0x00000000a9600000, 0x00000000a9600000| Complete 
| 119|0x00000000a9700000, 0x00000000a9800000, 0x00000000a9800000|100%| S|CS|TAMS 0x00000000a9700000, 0x00000000a9700000| Complete 
| 120|0x00000000a9800000, 0x00000000a9900000, 0x00000000a9900000|100%| S|CS|TAMS 0x00000000a9800000, 0x00000000a9800000| Complete 
| 121|0x00000000a9900000, 0x00000000a9a00000, 0x00000000a9a00000|100%| S|CS|TAMS 0x00000000a9900000, 0x00000000a9900000| Complete 
| 122|0x00000000a9a00000, 0x00000000a9b00000, 0x00000000a9b00000|100%| S|CS|TAMS 0x00000000a9a00000, 0x00000000a9a00000| Complete 
| 123|0x00000000a9b00000, 0x00000000a9c00000, 0x00000000a9c00000|100%| S|CS|TAMS 0x00000000a9b00000, 0x00000000a9b00000| Complete 
| 124|0x00000000a9c00000, 0x00000000a9d00000, 0x00000000a9d00000|100%| S|CS|TAMS 0x00000000a9c00000, 0x00000000a9c00000| Complete 
| 125|0x00000000a9d00000, 0x00000000a9e00000, 0x00000000a9e00000|100%| S|CS|TAMS 0x00000000a9d00000, 0x00000000a9d00000| Complete 
| 126|0x00000000a9e00000, 0x00000000a9e00000, 0x00000000a9f00000|  0%| F|  |TAMS 0x00000000a9e00000, 0x00000000a9e00000| Untracked 
| 127|0x00000000a9f00000, 0x00000000a9f00000, 0x00000000aa000000|  0%| F|  |TAMS 0x00000000a9f00000, 0x00000000a9f00000| Untracked 
| 128|0x00000000aa000000, 0x00000000aa000000, 0x00000000aa100000|  0%| F|  |TAMS 0x00000000aa000000, 0x00000000aa000000| Untracked 
| 129|0x00000000aa100000, 0x00000000aa100000, 0x00000000aa200000|  0%| F|  |TAMS 0x00000000aa100000, 0x00000000aa100000| Untracked 
| 130|0x00000000aa200000, 0x00000000aa200000, 0x00000000aa300000|  0%| F|  |TAMS 0x00000000aa200000, 0x00000000aa200000| Untracked 
| 131|0x00000000aa300000, 0x00000000aa300000, 0x00000000aa400000|  0%| F|  |TAMS 0x00000000aa300000, 0x00000000aa300000| Untracked 
| 132|0x00000000aa400000, 0x00000000aa400000, 0x00000000aa500000|  0%| F|  |TAMS 0x00000000aa400000, 0x00000000aa400000| Untracked 
| 133|0x00000000aa500000, 0x00000000aa500000, 0x00000000aa600000|  0%| F|  |TAMS 0x00000000aa500000, 0x00000000aa500000| Untracked 
| 134|0x00000000aa600000, 0x00000000aa600000, 0x00000000aa700000|  0%| F|  |TAMS 0x00000000aa600000, 0x00000000aa600000| Untracked 
| 135|0x00000000aa700000, 0x00000000aa700000, 0x00000000aa800000|  0%| F|  |TAMS 0x00000000aa700000, 0x00000000aa700000| Untracked 
| 136|0x00000000aa800000, 0x00000000aa800000, 0x00000000aa900000|  0%| F|  |TAMS 0x00000000aa800000, 0x00000000aa800000| Untracked 
| 137|0x00000000aa900000, 0x00000000aa900000, 0x00000000aaa00000|  0%| F|  |TAMS 0x00000000aa900000, 0x00000000aa900000| Untracked 
| 138|0x00000000aaa00000, 0x00000000aaa00000, 0x00000000aab00000|  0%| F|  |TAMS 0x00000000aaa00000, 0x00000000aaa00000| Untracked 
| 139|0x00000000aab00000, 0x00000000aab00000, 0x00000000aac00000|  0%| F|  |TAMS 0x00000000aab00000, 0x00000000aab00000| Untracked 
| 140|0x00000000aac00000, 0x00000000aac00000, 0x00000000aad00000|  0%| F|  |TAMS 0x00000000aac00000, 0x00000000aac00000| Untracked 
| 141|0x00000000aad00000, 0x00000000aad00000, 0x00000000aae00000|  0%| F|  |TAMS 0x00000000aad00000, 0x00000000aad00000| Untracked 
| 142|0x00000000aae00000, 0x00000000aae00000, 0x00000000aaf00000|  0%| F|  |TAMS 0x00000000aae00000, 0x00000000aae00000| Untracked 
| 143|0x00000000aaf00000, 0x00000000aaf00000, 0x00000000ab000000|  0%| F|  |TAMS 0x00000000aaf00000, 0x00000000aaf00000| Untracked 
| 144|0x00000000ab000000, 0x00000000ab000000, 0x00000000ab100000|  0%| F|  |TAMS 0x00000000ab000000, 0x00000000ab000000| Untracked 
| 145|0x00000000ab100000, 0x00000000ab100000, 0x00000000ab200000|  0%| F|  |TAMS 0x00000000ab100000, 0x00000000ab100000| Untracked 
| 146|0x00000000ab200000, 0x00000000ab200000, 0x00000000ab300000|  0%| F|  |TAMS 0x00000000ab200000, 0x00000000ab200000| Untracked 
| 147|0x00000000ab300000, 0x00000000ab300000, 0x00000000ab400000|  0%| F|  |TAMS 0x00000000ab300000, 0x00000000ab300000| Untracked 
| 148|0x00000000ab400000, 0x00000000ab400000, 0x00000000ab500000|  0%| F|  |TAMS 0x00000000ab400000, 0x00000000ab400000| Untracked 
| 149|0x00000000ab500000, 0x00000000ab500000, 0x00000000ab600000|  0%| F|  |TAMS 0x00000000ab500000, 0x00000000ab500000| Untracked 
| 150|0x00000000ab600000, 0x00000000ab600000, 0x00000000ab700000|  0%| F|  |TAMS 0x00000000ab600000, 0x00000000ab600000| Untracked 
| 151|0x00000000ab700000, 0x00000000ab700000, 0x00000000ab800000|  0%| F|  |TAMS 0x00000000ab700000, 0x00000000ab700000| Untracked 
| 152|0x00000000ab800000, 0x00000000ab800000, 0x00000000ab900000|  0%| F|  |TAMS 0x00000000ab800000, 0x00000000ab800000| Untracked 
| 153|0x00000000ab900000, 0x00000000ab900000, 0x00000000aba00000|  0%| F|  |TAMS 0x00000000ab900000, 0x00000000ab900000| Untracked 
| 154|0x00000000aba00000, 0x00000000aba00000, 0x00000000abb00000|  0%| F|  |TAMS 0x00000000aba00000, 0x00000000aba00000| Untracked 
| 155|0x00000000abb00000, 0x00000000abb00000, 0x00000000abc00000|  0%| F|  |TAMS 0x00000000abb00000, 0x00000000abb00000| Untracked 
| 156|0x00000000abc00000, 0x00000000abc00000, 0x00000000abd00000|  0%| F|  |TAMS 0x00000000abc00000, 0x00000000abc00000| Untracked 
| 157|0x00000000abd00000, 0x00000000abd00000, 0x00000000abe00000|  0%| F|  |TAMS 0x00000000abd00000, 0x00000000abd00000| Untracked 
| 158|0x00000000abe00000, 0x00000000abe00000, 0x00000000abf00000|  0%| F|  |TAMS 0x00000000abe00000, 0x00000000abe00000| Untracked 
| 159|0x00000000abf00000, 0x00000000abf00000, 0x00000000ac000000|  0%| F|  |TAMS 0x00000000abf00000, 0x00000000abf00000| Untracked 
| 160|0x00000000ac000000, 0x00000000ac000000, 0x00000000ac100000|  0%| F|  |TAMS 0x00000000ac000000, 0x00000000ac000000| Untracked 
| 161|0x00000000ac100000, 0x00000000ac100000, 0x00000000ac200000|  0%| F|  |TAMS 0x00000000ac100000, 0x00000000ac100000| Untracked 
| 162|0x00000000ac200000, 0x00000000ac200000, 0x00000000ac300000|  0%| F|  |TAMS 0x00000000ac200000, 0x00000000ac200000| Untracked 
| 163|0x00000000ac300000, 0x00000000ac300000, 0x00000000ac400000|  0%| F|  |TAMS 0x00000000ac300000, 0x00000000ac300000| Untracked 
| 164|0x00000000ac400000, 0x00000000ac400000, 0x00000000ac500000|  0%| F|  |TAMS 0x00000000ac400000, 0x00000000ac400000| Untracked 
| 165|0x00000000ac500000, 0x00000000ac500000, 0x00000000ac600000|  0%| F|  |TAMS 0x00000000ac500000, 0x00000000ac500000| Untracked 
| 166|0x00000000ac600000, 0x00000000ac600000, 0x00000000ac700000|  0%| F|  |TAMS 0x00000000ac600000, 0x00000000ac600000| Untracked 
| 167|0x00000000ac700000, 0x00000000ac700000, 0x00000000ac800000|  0%| F|  |TAMS 0x00000000ac700000, 0x00000000ac700000| Untracked 
| 168|0x00000000ac800000, 0x00000000ac800000, 0x00000000ac900000|  0%| F|  |TAMS 0x00000000ac800000, 0x00000000ac800000| Untracked 
| 169|0x00000000ac900000, 0x00000000ac900000, 0x00000000aca00000|  0%| F|  |TAMS 0x00000000ac900000, 0x00000000ac900000| Untracked 
| 170|0x00000000aca00000, 0x00000000aca00000, 0x00000000acb00000|  0%| F|  |TAMS 0x00000000aca00000, 0x00000000aca00000| Untracked 
| 171|0x00000000acb00000, 0x00000000acb00000, 0x00000000acc00000|  0%| F|  |TAMS 0x00000000acb00000, 0x00000000acb00000| Untracked 
| 172|0x00000000acc00000, 0x00000000acc00000, 0x00000000acd00000|  0%| F|  |TAMS 0x00000000acc00000, 0x00000000acc00000| Untracked 
| 173|0x00000000acd00000, 0x00000000acd00000, 0x00000000ace00000|  0%| F|  |TAMS 0x00000000acd00000, 0x00000000acd00000| Untracked 
| 174|0x00000000ace00000, 0x00000000ace00000, 0x00000000acf00000|  0%| F|  |TAMS 0x00000000ace00000, 0x00000000ace00000| Untracked 
| 175|0x00000000acf00000, 0x00000000acf00000, 0x00000000ad000000|  0%| F|  |TAMS 0x00000000acf00000, 0x00000000acf00000| Untracked 
| 176|0x00000000ad000000, 0x00000000ad000000, 0x00000000ad100000|  0%| F|  |TAMS 0x00000000ad000000, 0x00000000ad000000| Untracked 
| 177|0x00000000ad100000, 0x00000000ad100000, 0x00000000ad200000|  0%| F|  |TAMS 0x00000000ad100000, 0x00000000ad100000| Untracked 
| 178|0x00000000ad200000, 0x00000000ad200000, 0x00000000ad300000|  0%| F|  |TAMS 0x00000000ad200000, 0x00000000ad200000| Untracked 
| 179|0x00000000ad300000, 0x00000000ad300000, 0x00000000ad400000|  0%| F|  |TAMS 0x00000000ad300000, 0x00000000ad300000| Untracked 
| 180|0x00000000ad400000, 0x00000000ad400000, 0x00000000ad500000|  0%| F|  |TAMS 0x00000000ad400000, 0x00000000ad400000| Untracked 
| 181|0x00000000ad500000, 0x00000000ad500000, 0x00000000ad600000|  0%| F|  |TAMS 0x00000000ad500000, 0x00000000ad500000| Untracked 
| 182|0x00000000ad600000, 0x00000000ad600000, 0x00000000ad700000|  0%| F|  |TAMS 0x00000000ad600000, 0x00000000ad600000| Untracked 
| 183|0x00000000ad700000, 0x00000000ad700000, 0x00000000ad800000|  0%| F|  |TAMS 0x00000000ad700000, 0x00000000ad700000| Untracked 
| 184|0x00000000ad800000, 0x00000000ad800000, 0x00000000ad900000|  0%| F|  |TAMS 0x00000000ad800000, 0x00000000ad800000| Untracked 
| 185|0x00000000ad900000, 0x00000000ad900000, 0x00000000ada00000|  0%| F|  |TAMS 0x00000000ad900000, 0x00000000ad900000| Untracked 
| 186|0x00000000ada00000, 0x00000000ada00000, 0x00000000adb00000|  0%| F|  |TAMS 0x00000000ada00000, 0x00000000ada00000| Untracked 
| 187|0x00000000adb00000, 0x00000000adb00000, 0x00000000adc00000|  0%| F|  |TAMS 0x00000000adb00000, 0x00000000adb00000| Untracked 
| 188|0x00000000adc00000, 0x00000000adc00000, 0x00000000add00000|  0%| F|  |TAMS 0x00000000adc00000, 0x00000000adc00000| Untracked 
| 189|0x00000000add00000, 0x00000000add00000, 0x00000000ade00000|  0%| F|  |TAMS 0x00000000add00000, 0x00000000add00000| Untracked 
| 190|0x00000000ade00000, 0x00000000ade00000, 0x00000000adf00000|  0%| F|  |TAMS 0x00000000ade00000, 0x00000000ade00000| Untracked 
| 191|0x00000000adf00000, 0x00000000adf00000, 0x00000000ae000000|  0%| F|  |TAMS 0x00000000adf00000, 0x00000000adf00000| Untracked 
| 192|0x00000000ae000000, 0x00000000ae000000, 0x00000000ae100000|  0%| F|  |TAMS 0x00000000ae000000, 0x00000000ae000000| Untracked 
| 193|0x00000000ae100000, 0x00000000ae100000, 0x00000000ae200000|  0%| F|  |TAMS 0x00000000ae100000, 0x00000000ae100000| Untracked 
| 194|0x00000000ae200000, 0x00000000ae200000, 0x00000000ae300000|  0%| F|  |TAMS 0x00000000ae200000, 0x00000000ae200000| Untracked 
| 195|0x00000000ae300000, 0x00000000ae300000, 0x00000000ae400000|  0%| F|  |TAMS 0x00000000ae300000, 0x00000000ae300000| Untracked 
| 196|0x00000000ae400000, 0x00000000ae400000, 0x00000000ae500000|  0%| F|  |TAMS 0x00000000ae400000, 0x00000000ae400000| Untracked 
| 197|0x00000000ae500000, 0x00000000ae500000, 0x00000000ae600000|  0%| F|  |TAMS 0x00000000ae500000, 0x00000000ae500000| Untracked 
| 198|0x00000000ae600000, 0x00000000ae600000, 0x00000000ae700000|  0%| F|  |TAMS 0x00000000ae600000, 0x00000000ae600000| Untracked 
| 199|0x00000000ae700000, 0x00000000ae700000, 0x00000000ae800000|  0%| F|  |TAMS 0x00000000ae700000, 0x00000000ae700000| Untracked 
| 200|0x00000000ae800000, 0x00000000ae800000, 0x00000000ae900000|  0%| F|  |TAMS 0x00000000ae800000, 0x00000000ae800000| Untracked 
| 201|0x00000000ae900000, 0x00000000ae900000, 0x00000000aea00000|  0%| F|  |TAMS 0x00000000ae900000, 0x00000000ae900000| Untracked 
| 202|0x00000000aea00000, 0x00000000aea00000, 0x00000000aeb00000|  0%| F|  |TAMS 0x00000000aea00000, 0x00000000aea00000| Untracked 
| 203|0x00000000aeb00000, 0x00000000aeb00000, 0x00000000aec00000|  0%| F|  |TAMS 0x00000000aeb00000, 0x00000000aeb00000| Untracked 
| 204|0x00000000aec00000, 0x00000000aec00000, 0x00000000aed00000|  0%| F|  |TAMS 0x00000000aec00000, 0x00000000aec00000| Untracked 
| 205|0x00000000aed00000, 0x00000000aed00000, 0x00000000aee00000|  0%| F|  |TAMS 0x00000000aed00000, 0x00000000aed00000| Untracked 
| 206|0x00000000aee00000, 0x00000000aee00000, 0x00000000aef00000|  0%| F|  |TAMS 0x00000000aee00000, 0x00000000aee00000| Untracked 
| 207|0x00000000aef00000, 0x00000000aef00000, 0x00000000af000000|  0%| F|  |TAMS 0x00000000aef00000, 0x00000000aef00000| Untracked 
| 208|0x00000000af000000, 0x00000000af000000, 0x00000000af100000|  0%| F|  |TAMS 0x00000000af000000, 0x00000000af000000| Untracked 
| 209|0x00000000af100000, 0x00000000af100000, 0x00000000af200000|  0%| F|  |TAMS 0x00000000af100000, 0x00000000af100000| Untracked 
| 210|0x00000000af200000, 0x00000000af200000, 0x00000000af300000|  0%| F|  |TAMS 0x00000000af200000, 0x00000000af200000| Untracked 
| 211|0x00000000af300000, 0x00000000af300000, 0x00000000af400000|  0%| F|  |TAMS 0x00000000af300000, 0x00000000af300000| Untracked 
| 212|0x00000000af400000, 0x00000000af400000, 0x00000000af500000|  0%| F|  |TAMS 0x00000000af400000, 0x00000000af400000| Untracked 
| 213|0x00000000af500000, 0x00000000af500000, 0x00000000af600000|  0%| F|  |TAMS 0x00000000af500000, 0x00000000af500000| Untracked 
| 214|0x00000000af600000, 0x00000000af600000, 0x00000000af700000|  0%| F|  |TAMS 0x00000000af600000, 0x00000000af600000| Untracked 
| 215|0x00000000af700000, 0x00000000af700000, 0x00000000af800000|  0%| F|  |TAMS 0x00000000af700000, 0x00000000af700000| Untracked 
| 216|0x00000000af800000, 0x00000000af800000, 0x00000000af900000|  0%| F|  |TAMS 0x00000000af800000, 0x00000000af800000| Untracked 
| 217|0x00000000af900000, 0x00000000af900000, 0x00000000afa00000|  0%| F|  |TAMS 0x00000000af900000, 0x00000000af900000| Untracked 
| 218|0x00000000afa00000, 0x00000000afa00000, 0x00000000afb00000|  0%| F|  |TAMS 0x00000000afa00000, 0x00000000afa00000| Untracked 
| 219|0x00000000afb00000, 0x00000000afb00000, 0x00000000afc00000|  0%| F|  |TAMS 0x00000000afb00000, 0x00000000afb00000| Untracked 
| 220|0x00000000afc00000, 0x00000000afc00000, 0x00000000afd00000|  0%| F|  |TAMS 0x00000000afc00000, 0x00000000afc00000| Untracked 
| 221|0x00000000afd00000, 0x00000000afd00000, 0x00000000afe00000|  0%| F|  |TAMS 0x00000000afd00000, 0x00000000afd00000| Untracked 
| 222|0x00000000afe00000, 0x00000000afe00000, 0x00000000aff00000|  0%| F|  |TAMS 0x00000000afe00000, 0x00000000afe00000| Untracked 
| 223|0x00000000aff00000, 0x00000000aff00000, 0x00000000b0000000|  0%| F|  |TAMS 0x00000000aff00000, 0x00000000aff00000| Untracked 
| 224|0x00000000b0000000, 0x00000000b0000000, 0x00000000b0100000|  0%| F|  |TAMS 0x00000000b0000000, 0x00000000b0000000| Untracked 
| 225|0x00000000b0100000, 0x00000000b0100000, 0x00000000b0200000|  0%| F|  |TAMS 0x00000000b0100000, 0x00000000b0100000| Untracked 
| 226|0x00000000b0200000, 0x00000000b0200000, 0x00000000b0300000|  0%| F|  |TAMS 0x00000000b0200000, 0x00000000b0200000| Untracked 
| 227|0x00000000b0300000, 0x00000000b0300000, 0x00000000b0400000|  0%| F|  |TAMS 0x00000000b0300000, 0x00000000b0300000| Untracked 
| 228|0x00000000b0400000, 0x00000000b0400000, 0x00000000b0500000|  0%| F|  |TAMS 0x00000000b0400000, 0x00000000b0400000| Untracked 
| 229|0x00000000b0500000, 0x00000000b0500000, 0x00000000b0600000|  0%| F|  |TAMS 0x00000000b0500000, 0x00000000b0500000| Untracked 
| 230|0x00000000b0600000, 0x00000000b0600000, 0x00000000b0700000|  0%| F|  |TAMS 0x00000000b0600000, 0x00000000b0600000| Untracked 
| 231|0x00000000b0700000, 0x00000000b0700000, 0x00000000b0800000|  0%| F|  |TAMS 0x00000000b0700000, 0x00000000b0700000| Untracked 
| 232|0x00000000b0800000, 0x00000000b0800000, 0x00000000b0900000|  0%| F|  |TAMS 0x00000000b0800000, 0x00000000b0800000| Untracked 
| 233|0x00000000b0900000, 0x00000000b0900000, 0x00000000b0a00000|  0%| F|  |TAMS 0x00000000b0900000, 0x00000000b0900000| Untracked 
| 234|0x00000000b0a00000, 0x00000000b0a00000, 0x00000000b0b00000|  0%| F|  |TAMS 0x00000000b0a00000, 0x00000000b0a00000| Untracked 
| 235|0x00000000b0b00000, 0x00000000b0b00000, 0x00000000b0c00000|  0%| F|  |TAMS 0x00000000b0b00000, 0x00000000b0b00000| Untracked 
| 236|0x00000000b0c00000, 0x00000000b0c00000, 0x00000000b0d00000|  0%| F|  |TAMS 0x00000000b0c00000, 0x00000000b0c00000| Untracked 
| 237|0x00000000b0d00000, 0x00000000b0d00000, 0x00000000b0e00000|  0%| F|  |TAMS 0x00000000b0d00000, 0x00000000b0d00000| Untracked 
| 238|0x00000000b0e00000, 0x00000000b0e00000, 0x00000000b0f00000|  0%| F|  |TAMS 0x00000000b0e00000, 0x00000000b0e00000| Untracked 
| 239|0x00000000b0f00000, 0x00000000b0f00000, 0x00000000b1000000|  0%| F|  |TAMS 0x00000000b0f00000, 0x00000000b0f00000| Untracked 
| 240|0x00000000b1000000, 0x00000000b1000000, 0x00000000b1100000|  0%| F|  |TAMS 0x00000000b1000000, 0x00000000b1000000| Untracked 
| 241|0x00000000b1100000, 0x00000000b1100000, 0x00000000b1200000|  0%| F|  |TAMS 0x00000000b1100000, 0x00000000b1100000| Untracked 
| 242|0x00000000b1200000, 0x00000000b1200000, 0x00000000b1300000|  0%| F|  |TAMS 0x00000000b1200000, 0x00000000b1200000| Untracked 
| 243|0x00000000b1300000, 0x00000000b1300000, 0x00000000b1400000|  0%| F|  |TAMS 0x00000000b1300000, 0x00000000b1300000| Untracked 
| 244|0x00000000b1400000, 0x00000000b1400000, 0x00000000b1500000|  0%| F|  |TAMS 0x00000000b1400000, 0x00000000b1400000| Untracked 
| 245|0x00000000b1500000, 0x00000000b1500000, 0x00000000b1600000|  0%| F|  |TAMS 0x00000000b1500000, 0x00000000b1500000| Untracked 
| 246|0x00000000b1600000, 0x00000000b1600000, 0x00000000b1700000|  0%| F|  |TAMS 0x00000000b1600000, 0x00000000b1600000| Untracked 
| 247|0x00000000b1700000, 0x00000000b1700000, 0x00000000b1800000|  0%| F|  |TAMS 0x00000000b1700000, 0x00000000b1700000| Untracked 
| 248|0x00000000b1800000, 0x00000000b1800000, 0x00000000b1900000|  0%| F|  |TAMS 0x00000000b1800000, 0x00000000b1800000| Untracked 
| 249|0x00000000b1900000, 0x00000000b1900000, 0x00000000b1a00000|  0%| F|  |TAMS 0x00000000b1900000, 0x00000000b1900000| Untracked 
| 250|0x00000000b1a00000, 0x00000000b1a00000, 0x00000000b1b00000|  0%| F|  |TAMS 0x00000000b1a00000, 0x00000000b1a00000| Untracked 
| 251|0x00000000b1b00000, 0x00000000b1b80800, 0x00000000b1c00000| 50%| E|  |TAMS 0x00000000b1b00000, 0x00000000b1b00000| Complete 
| 252|0x00000000b1c00000, 0x00000000b1d00000, 0x00000000b1d00000|100%| E|CS|TAMS 0x00000000b1c00000, 0x00000000b1c00000| Complete 
| 253|0x00000000b1d00000, 0x00000000b1e00000, 0x00000000b1e00000|100%| E|CS|TAMS 0x00000000b1d00000, 0x00000000b1d00000| Complete 
| 254|0x00000000b1e00000, 0x00000000b1f00000, 0x00000000b1f00000|100%| E|CS|TAMS 0x00000000b1e00000, 0x00000000b1e00000| Complete 
| 255|0x00000000b1f00000, 0x00000000b2000000, 0x00000000b2000000|100%| E|CS|TAMS 0x00000000b1f00000, 0x00000000b1f00000| Complete 
| 256|0x00000000b2000000, 0x00000000b2100000, 0x00000000b2100000|100%| E|CS|TAMS 0x00000000b2000000, 0x00000000b2000000| Complete 
| 257|0x00000000b2100000, 0x00000000b2200000, 0x00000000b2200000|100%| E|CS|TAMS 0x00000000b2100000, 0x00000000b2100000| Complete 
| 258|0x00000000b2200000, 0x00000000b2300000, 0x00000000b2300000|100%| E|CS|TAMS 0x00000000b2200000, 0x00000000b2200000| Complete 
| 259|0x00000000b2300000, 0x00000000b2400000, 0x00000000b2400000|100%| E|CS|TAMS 0x00000000b2300000, 0x00000000b2300000| Complete 
| 260|0x00000000b2400000, 0x00000000b2500000, 0x00000000b2500000|100%| E|CS|TAMS 0x00000000b2400000, 0x00000000b2400000| Complete 
| 261|0x00000000b2500000, 0x00000000b2600000, 0x00000000b2600000|100%| E|CS|TAMS 0x00000000b2500000, 0x00000000b2500000| Complete 
| 262|0x00000000b2600000, 0x00000000b2700000, 0x00000000b2700000|100%| E|CS|TAMS 0x00000000b2600000, 0x00000000b2600000| Complete 
| 263|0x00000000b2700000, 0x00000000b2800000, 0x00000000b2800000|100%| E|CS|TAMS 0x00000000b2700000, 0x00000000b2700000| Complete 
| 264|0x00000000b2800000, 0x00000000b2900000, 0x00000000b2900000|100%| E|CS|TAMS 0x00000000b2800000, 0x00000000b2800000| Complete 
| 265|0x00000000b2900000, 0x00000000b2a00000, 0x00000000b2a00000|100%| E|CS|TAMS 0x00000000b2900000, 0x00000000b2900000| Complete 
| 266|0x00000000b2a00000, 0x00000000b2b00000, 0x00000000b2b00000|100%| E|CS|TAMS 0x00000000b2a00000, 0x00000000b2a00000| Complete 
| 267|0x00000000b2b00000, 0x00000000b2c00000, 0x00000000b2c00000|100%| E|CS|TAMS 0x00000000b2b00000, 0x00000000b2b00000| Complete 
| 268|0x00000000b2c00000, 0x00000000b2d00000, 0x00000000b2d00000|100%| E|CS|TAMS 0x00000000b2c00000, 0x00000000b2c00000| Complete 
| 269|0x00000000b2d00000, 0x00000000b2e00000, 0x00000000b2e00000|100%| E|CS|TAMS 0x00000000b2d00000, 0x00000000b2d00000| Complete 
| 270|0x00000000b2e00000, 0x00000000b2f00000, 0x00000000b2f00000|100%| E|CS|TAMS 0x00000000b2e00000, 0x00000000b2e00000| Complete 
| 271|0x00000000b2f00000, 0x00000000b3000000, 0x00000000b3000000|100%| E|CS|TAMS 0x00000000b2f00000, 0x00000000b2f00000| Complete 
| 272|0x00000000b3000000, 0x00000000b3100000, 0x00000000b3100000|100%| E|CS|TAMS 0x00000000b3000000, 0x00000000b3000000| Complete 
| 273|0x00000000b3100000, 0x00000000b3200000, 0x00000000b3200000|100%| E|CS|TAMS 0x00000000b3100000, 0x00000000b3100000| Complete 
| 274|0x00000000b3200000, 0x00000000b3300000, 0x00000000b3300000|100%| E|CS|TAMS 0x00000000b3200000, 0x00000000b3200000| Complete 
| 275|0x00000000b3300000, 0x00000000b3400000, 0x00000000b3400000|100%| E|CS|TAMS 0x00000000b3300000, 0x00000000b3300000| Complete 
| 276|0x00000000b3400000, 0x00000000b3500000, 0x00000000b3500000|100%| E|CS|TAMS 0x00000000b3400000, 0x00000000b3400000| Complete 
| 277|0x00000000b3500000, 0x00000000b3600000, 0x00000000b3600000|100%| E|CS|TAMS 0x00000000b3500000, 0x00000000b3500000| Complete 
| 278|0x00000000b3600000, 0x00000000b3700000, 0x00000000b3700000|100%| E|CS|TAMS 0x00000000b3600000, 0x00000000b3600000| Complete 
| 279|0x00000000b3700000, 0x00000000b3800000, 0x00000000b3800000|100%| E|CS|TAMS 0x00000000b3700000, 0x00000000b3700000| Complete 
| 280|0x00000000b3800000, 0x00000000b3900000, 0x00000000b3900000|100%| E|CS|TAMS 0x00000000b3800000, 0x00000000b3800000| Complete 
| 281|0x00000000b3900000, 0x00000000b3a00000, 0x00000000b3a00000|100%| E|CS|TAMS 0x00000000b3900000, 0x00000000b3900000| Complete 
| 282|0x00000000b3a00000, 0x00000000b3b00000, 0x00000000b3b00000|100%| E|CS|TAMS 0x00000000b3a00000, 0x00000000b3a00000| Complete 
| 283|0x00000000b3b00000, 0x00000000b3c00000, 0x00000000b3c00000|100%| E|CS|TAMS 0x00000000b3b00000, 0x00000000b3b00000| Complete 
| 284|0x00000000b3c00000, 0x00000000b3d00000, 0x00000000b3d00000|100%| E|CS|TAMS 0x00000000b3c00000, 0x00000000b3c00000| Complete 
| 285|0x00000000b3d00000, 0x00000000b3e00000, 0x00000000b3e00000|100%| E|CS|TAMS 0x00000000b3d00000, 0x00000000b3d00000| Complete 
| 286|0x00000000b3e00000, 0x00000000b3f00000, 0x00000000b3f00000|100%| E|CS|TAMS 0x00000000b3e00000, 0x00000000b3e00000| Complete 
| 287|0x00000000b3f00000, 0x00000000b4000000, 0x00000000b4000000|100%| E|CS|TAMS 0x00000000b3f00000, 0x00000000b3f00000| Complete 
| 288|0x00000000b4000000, 0x00000000b4100000, 0x00000000b4100000|100%| E|CS|TAMS 0x00000000b4000000, 0x00000000b4000000| Complete 
| 289|0x00000000b4100000, 0x00000000b4200000, 0x00000000b4200000|100%| E|CS|TAMS 0x00000000b4100000, 0x00000000b4100000| Complete 
| 290|0x00000000b4200000, 0x00000000b4300000, 0x00000000b4300000|100%| E|CS|TAMS 0x00000000b4200000, 0x00000000b4200000| Complete 
| 291|0x00000000b4300000, 0x00000000b4400000, 0x00000000b4400000|100%| E|CS|TAMS 0x00000000b4300000, 0x00000000b4300000| Complete 
| 292|0x00000000b4400000, 0x00000000b4500000, 0x00000000b4500000|100%| E|CS|TAMS 0x00000000b4400000, 0x00000000b4400000| Complete 
| 293|0x00000000b4500000, 0x00000000b4600000, 0x00000000b4600000|100%| E|CS|TAMS 0x00000000b4500000, 0x00000000b4500000| Complete 
| 294|0x00000000b4600000, 0x00000000b4700000, 0x00000000b4700000|100%| E|CS|TAMS 0x00000000b4600000, 0x00000000b4600000| Complete 
| 295|0x00000000b4700000, 0x00000000b4800000, 0x00000000b4800000|100%| E|CS|TAMS 0x00000000b4700000, 0x00000000b4700000| Complete 
| 296|0x00000000b4800000, 0x00000000b4900000, 0x00000000b4900000|100%| E|CS|TAMS 0x00000000b4800000, 0x00000000b4800000| Complete 
| 297|0x00000000b4900000, 0x00000000b4a00000, 0x00000000b4a00000|100%| E|CS|TAMS 0x00000000b4900000, 0x00000000b4900000| Complete 
| 298|0x00000000b4a00000, 0x00000000b4b00000, 0x00000000b4b00000|100%| E|CS|TAMS 0x00000000b4a00000, 0x00000000b4a00000| Complete 
| 299|0x00000000b4b00000, 0x00000000b4c00000, 0x00000000b4c00000|100%| E|CS|TAMS 0x00000000b4b00000, 0x00000000b4b00000| Complete 
| 300|0x00000000b4c00000, 0x00000000b4d00000, 0x00000000b4d00000|100%| E|CS|TAMS 0x00000000b4c00000, 0x00000000b4c00000| Complete 
| 301|0x00000000b4d00000, 0x00000000b4e00000, 0x00000000b4e00000|100%| E|CS|TAMS 0x00000000b4d00000, 0x00000000b4d00000| Complete 
| 302|0x00000000b4e00000, 0x00000000b4f00000, 0x00000000b4f00000|100%| E|CS|TAMS 0x00000000b4e00000, 0x00000000b4e00000| Complete 
| 303|0x00000000b4f00000, 0x00000000b5000000, 0x00000000b5000000|100%| E|CS|TAMS 0x00000000b4f00000, 0x00000000b4f00000| Complete 
| 304|0x00000000b5000000, 0x00000000b5100000, 0x00000000b5100000|100%| E|CS|TAMS 0x00000000b5000000, 0x00000000b5000000| Complete 
| 305|0x00000000b5100000, 0x00000000b5200000, 0x00000000b5200000|100%| E|CS|TAMS 0x00000000b5100000, 0x00000000b5100000| Complete 
| 306|0x00000000b5200000, 0x00000000b5300000, 0x00000000b5300000|100%| E|CS|TAMS 0x00000000b5200000, 0x00000000b5200000| Complete 
| 307|0x00000000b5300000, 0x00000000b5400000, 0x00000000b5400000|100%| E|CS|TAMS 0x00000000b5300000, 0x00000000b5300000| Complete 
| 308|0x00000000b5400000, 0x00000000b5500000, 0x00000000b5500000|100%| E|CS|TAMS 0x00000000b5400000, 0x00000000b5400000| Complete 
| 309|0x00000000b5500000, 0x00000000b5600000, 0x00000000b5600000|100%| E|CS|TAMS 0x00000000b5500000, 0x00000000b5500000| Complete 
| 310|0x00000000b5600000, 0x00000000b5700000, 0x00000000b5700000|100%| E|CS|TAMS 0x00000000b5600000, 0x00000000b5600000| Complete 
| 311|0x00000000b5700000, 0x00000000b5800000, 0x00000000b5800000|100%| E|CS|TAMS 0x00000000b5700000, 0x00000000b5700000| Complete 
| 312|0x00000000b5800000, 0x00000000b5900000, 0x00000000b5900000|100%| E|CS|TAMS 0x00000000b5800000, 0x00000000b5800000| Complete 
| 313|0x00000000b5900000, 0x00000000b5a00000, 0x00000000b5a00000|100%| E|CS|TAMS 0x00000000b5900000, 0x00000000b5900000| Complete 
| 314|0x00000000b5a00000, 0x00000000b5b00000, 0x00000000b5b00000|100%| E|CS|TAMS 0x00000000b5a00000, 0x00000000b5a00000| Complete 

Card table byte_map: [0x00000204212b0000,0x00000204215a0000] _byte_map_base: 0x0000020420da0000

Marking Bits (Prev, Next): (CMBitMap*) 0x000002040a403950, (CMBitMap*) 0x000002040a403990
 Prev Bits: [0x0000020421890000, 0x0000020423010000)
 Next Bits: [0x0000020423010000, 0x0000020424790000)

Polling page: 0x00000204082e0000

Metaspace:

Usage:
  Non-class:     50.85 MB used.
      Class:      6.44 MB used.
       Both:     57.29 MB used.

Virtual space:
  Non-class space:       64.00 MB reserved,      51.06 MB ( 80%) committed,  1 nodes.
      Class space:        1.00 GB reserved,       6.62 MB ( <1%) committed,  1 nodes.
             Both:        1.06 GB reserved,      57.69 MB (  5%) committed. 

Chunk freelists:
   Non-Class:  12.00 MB
       Class:  9.44 MB
        Both:  21.43 MB

MaxMetaspaceSize: unlimited
CompressedClassSpaceSize: 1.00 GB
Initial GC threshold: 21.00 MB
Current GC threshold: 88.75 MB
CDS: on
MetaspaceReclaimPolicy: balanced
 - commit_granule_bytes: 65536.
 - commit_granule_words: 8192.
 - virtual_space_node_default_size: 8388608.
 - enlarge_chunks_in_place: 1.
 - new_chunks_are_fully_committed: 0.
 - uncommit_free_chunks: 1.
 - use_allocation_guard: 0.
 - handle_deallocations: 1.


Internal statistics:

num_allocs_failed_limit: 6.
num_arena_births: 334.
num_arena_deaths: 0.
num_vsnodes_births: 2.
num_vsnodes_deaths: 0.
num_space_committed: 921.
num_space_uncommitted: 0.
num_chunks_returned_to_freelist: 6.
num_chunks_taken_from_freelist: 2579.
num_chunk_merges: 6.
num_chunk_splits: 1975.
num_chunks_enlarged: 1677.
num_inconsistent_stats: 0.

CodeHeap 'non-profiled nmethods': size=120000Kb used=6264Kb max_used=6777Kb free=113735Kb
 bounds [0x0000020419750000, 0x0000020419e10000, 0x0000020420c80000]
CodeHeap 'profiled nmethods': size=120000Kb used=32722Kb max_used=33777Kb free=87277Kb
 bounds [0x0000020411c80000, 0x0000020413d90000, 0x00000204191b0000]
CodeHeap 'non-nmethods': size=5760Kb used=1308Kb max_used=1365Kb free=4451Kb
 bounds [0x00000204191b0000, 0x0000020419420000, 0x0000020419750000]
 total_blobs=12371 nmethods=11761 adapters=519
 compilation: enabled
              stopped_count=0, restarted_count=0
 full_count=0

Compilation events (20 events):
Event: 67.957 Thread 0x0000020427170630 15707       2       org.jetbrains.kotlin.resolve.calls.model.ResolvedLambdaAtom::getInputTypes (112 bytes)
Event: 67.958 Thread 0x0000020427170630 nmethod 15707 0x00000204138ff890 code [0x00000204138ffaa0, 0x0000020413900028]
Event: 67.962 Thread 0x0000020427170630 15708       2       org.jetbrains.kotlin.resolve.lazy.descriptors.LazyClassMemberScope::getClassifierNames (5 bytes)
Event: 67.963 Thread 0x0000020427170630 nmethod 15708 0x00000204138fee10 code [0x00000204138ff040, 0x00000204138ff528]
Event: 67.963 Thread 0x0000020427170630 15709       2       org.jetbrains.kotlin.resolve.lazy.descriptors.LazyClassMemberScope::get_classifierNames (17 bytes)
Event: 67.963 Thread 0x0000020427170630 nmethod 15709 0x0000020412b94610 code [0x0000020412b94840, 0x0000020412b94d28]
Event: 67.963 Thread 0x0000020427170630 15710       2       org.jetbrains.kotlin.resolve.lazy.descriptors.LazyClassMemberScope::getVariableNames (5 bytes)
Event: 67.964 Thread 0x0000020427170630 nmethod 15710 0x0000020412b93b90 code [0x0000020412b93dc0, 0x0000020412b942a8]
Event: 67.969 Thread 0x0000020427170630 15712   !   3       org.jetbrains.kotlin.resolve.extensions.SyntheticResolveExtension$Companion$getInstance$1::generateSyntheticClasses (175 bytes)
Event: 67.971 Thread 0x0000020427170630 nmethod 15712 0x00000204139cac90 code [0x00000204139cb1e0, 0x00000204139cd908]
Event: 68.009 Thread 0x0000020427170630 15714       3       org.jetbrains.kotlin.serialization.deserialization.TypeDeserializer::typeConstructor (339 bytes)
Event: 68.012 Thread 0x0000020427170630 nmethod 15714 0x0000020412f6a190 code [0x0000020412f6a660, 0x0000020412f6d4a8]
Event: 68.024 Thread 0x0000020427170630 15715       2       org.jetbrains.kotlin.builtins.functions.FunctionClassDescriptor::getKind (4 bytes)
Event: 68.024 Thread 0x0000020427170630 nmethod 15715 0x00000204128e3290 code [0x00000204128e3420, 0x00000204128e3538]
Event: 68.048 Thread 0x0000020427170630 15716       3       org.jetbrains.kotlin.resolve.calls.checkers.ReifiedTypeParameterSubstitutionChecker::check (206 bytes)
Event: 68.051 Thread 0x0000020427170630 nmethod 15716 0x00000204127d6510 code [0x00000204127d6980, 0x00000204127d8c38]
Event: 68.051 Thread 0x0000020427170630 15717       3       org.jetbrains.kotlin.resolve.jvm.checkers.UpperBoundViolatedInTypealiasConstructorChecker::check (729 bytes)
Event: 68.063 Thread 0x0000020427170630 nmethod 15717 0x00000204137c8f90 code [0x00000204137c9ec0, 0x00000204137d3ff8]
Event: 68.063 Thread 0x0000020427170630 15718       1       org.jetbrains.kotlin.metadata.ProtoBuf$Class::getSupertypeList (5 bytes)
Event: 68.063 Thread 0x0000020427170630 nmethod 15718 0x0000020419d72210 code [0x0000020419d723a0, 0x0000020419d72478]

GC Heap History (20 events):
Event: 44.339 GC heap before
{Heap before GC invocations=39 (full 0):
 garbage-first heap   total 146432K, used 119715K [0x00000000a2000000, 0x0000000100000000)
  region size 1024K, 40 young (40960K), 4 survivors (4096K)
 Metaspace       used 56775K, committed 57088K, reserved 1114112K
  class space    used 6367K, committed 6528K, reserved 1048576K
}
Event: 44.350 GC heap after
{Heap after GC invocations=40 (full 0):
 garbage-first heap   total 146432K, used 83545K [0x00000000a2000000, 0x0000000100000000)
  region size 1024K, 1 young (1024K), 1 survivors (1024K)
 Metaspace       used 56775K, committed 57088K, reserved 1114112K
  class space    used 6367K, committed 6528K, reserved 1048576K
}
Event: 45.135 GC heap before
{Heap before GC invocations=40 (full 0):
 garbage-first heap   total 146432K, used 121433K [0x00000000a2000000, 0x0000000100000000)
  region size 1024K, 38 young (38912K), 1 survivors (1024K)
 Metaspace       used 56775K, committed 57088K, reserved 1114112K
  class space    used 6367K, committed 6528K, reserved 1048576K
}
Event: 45.138 GC heap after
{Heap after GC invocations=41 (full 0):
 garbage-first heap   total 322560K, used 83056K [0x00000000a2000000, 0x0000000100000000)
  region size 1024K, 1 young (1024K), 1 survivors (1024K)
 Metaspace       used 56775K, committed 57088K, reserved 1114112K
  class space    used 6367K, committed 6528K, reserved 1048576K
}
Event: 46.628 GC heap before
{Heap before GC invocations=41 (full 0):
 garbage-first heap   total 322560K, used 255088K [0x00000000a2000000, 0x0000000100000000)
  region size 1024K, 169 young (173056K), 1 survivors (1024K)
 Metaspace       used 56777K, committed 57088K, reserved 1114112K
  class space    used 6367K, committed 6528K, reserved 1048576K
}
Event: 46.633 GC heap after
{Heap after GC invocations=42 (full 0):
 garbage-first heap   total 322560K, used 83008K [0x00000000a2000000, 0x0000000100000000)
  region size 1024K, 1 young (1024K), 1 survivors (1024K)
 Metaspace       used 56777K, committed 57088K, reserved 1114112K
  class space    used 6367K, committed 6528K, reserved 1048576K
}
Event: 48.586 GC heap before
{Heap before GC invocations=42 (full 0):
 garbage-first heap   total 322560K, used 275520K [0x00000000a2000000, 0x0000000100000000)
  region size 1024K, 189 young (193536K), 1 survivors (1024K)
 Metaspace       used 56800K, committed 57088K, reserved 1114112K
  class space    used 6367K, committed 6528K, reserved 1048576K
}
Event: 48.595 GC heap after
{Heap after GC invocations=43 (full 0):
 garbage-first heap   total 322560K, used 83065K [0x00000000a2000000, 0x0000000100000000)
  region size 1024K, 1 young (1024K), 1 survivors (1024K)
 Metaspace       used 56800K, committed 57088K, reserved 1114112K
  class space    used 6367K, committed 6528K, reserved 1048576K
}
Event: 49.611 GC heap before
{Heap before GC invocations=43 (full 0):
 garbage-first heap   total 322560K, used 275577K [0x00000000a2000000, 0x0000000100000000)
  region size 1024K, 189 young (193536K), 1 survivors (1024K)
 Metaspace       used 56812K, committed 57088K, reserved 1114112K
  class space    used 6367K, committed 6528K, reserved 1048576K
}
Event: 49.613 GC heap after
{Heap after GC invocations=44 (full 0):
 garbage-first heap   total 322560K, used 83179K [0x00000000a2000000, 0x0000000100000000)
  region size 1024K, 1 young (1024K), 1 survivors (1024K)
 Metaspace       used 56812K, committed 57088K, reserved 1114112K
  class space    used 6367K, committed 6528K, reserved 1048576K
}
Event: 50.447 GC heap before
{Heap before GC invocations=44 (full 0):
 garbage-first heap   total 322560K, used 275691K [0x00000000a2000000, 0x0000000100000000)
  region size 1024K, 189 young (193536K), 1 survivors (1024K)
 Metaspace       used 56851K, committed 57152K, reserved 1114112K
  class space    used 6367K, committed 6528K, reserved 1048576K
}
Event: 50.448 GC heap after
{Heap after GC invocations=45 (full 0):
 garbage-first heap   total 322560K, used 83281K [0x00000000a2000000, 0x0000000100000000)
  region size 1024K, 1 young (1024K), 1 survivors (1024K)
 Metaspace       used 56851K, committed 57152K, reserved 1114112K
  class space    used 6367K, committed 6528K, reserved 1048576K
}
Event: 51.269 GC heap before
{Heap before GC invocations=45 (full 0):
 garbage-first heap   total 322560K, used 275793K [0x00000000a2000000, 0x0000000100000000)
  region size 1024K, 189 young (193536K), 1 survivors (1024K)
 Metaspace       used 56854K, committed 57152K, reserved 1114112K
  class space    used 6367K, committed 6528K, reserved 1048576K
}
Event: 51.270 GC heap after
{Heap after GC invocations=46 (full 0):
 garbage-first heap   total 322560K, used 83599K [0x00000000a2000000, 0x0000000100000000)
  region size 1024K, 1 young (1024K), 1 survivors (1024K)
 Metaspace       used 56854K, committed 57152K, reserved 1114112K
  class space    used 6367K, committed 6528K, reserved 1048576K
}
Event: 51.824 GC heap before
{Heap before GC invocations=46 (full 0):
 garbage-first heap   total 322560K, used 276111K [0x00000000a2000000, 0x0000000100000000)
  region size 1024K, 189 young (193536K), 1 survivors (1024K)
 Metaspace       used 56860K, committed 57152K, reserved 1114112K
  class space    used 6367K, committed 6528K, reserved 1048576K
}
Event: 51.826 GC heap after
{Heap after GC invocations=47 (full 0):
 garbage-first heap   total 322560K, used 83465K [0x00000000a2000000, 0x0000000100000000)
  region size 1024K, 1 young (1024K), 1 survivors (1024K)
 Metaspace       used 56860K, committed 57152K, reserved 1114112K
  class space    used 6367K, committed 6528K, reserved 1048576K
}
Event: 52.775 GC heap before
{Heap before GC invocations=47 (full 0):
 garbage-first heap   total 322560K, used 275977K [0x00000000a2000000, 0x0000000100000000)
  region size 1024K, 189 young (193536K), 1 survivors (1024K)
 Metaspace       used 56863K, committed 57152K, reserved 1114112K
  class space    used 6367K, committed 6528K, reserved 1048576K
}
Event: 52.776 GC heap after
{Heap after GC invocations=48 (full 0):
 garbage-first heap   total 322560K, used 83509K [0x00000000a2000000, 0x0000000100000000)
  region size 1024K, 1 young (1024K), 1 survivors (1024K)
 Metaspace       used 56863K, committed 57152K, reserved 1114112K
  class space    used 6367K, committed 6528K, reserved 1048576K
}
Event: 62.851 GC heap before
{Heap before GC invocations=48 (full 0):
 garbage-first heap   total 322560K, used 276021K [0x00000000a2000000, 0x0000000100000000)
  region size 1024K, 189 young (193536K), 1 survivors (1024K)
 Metaspace       used 58093K, committed 58368K, reserved 1114112K
  class space    used 6542K, committed 6720K, reserved 1048576K
}
Event: 62.895 GC heap after
{Heap after GC invocations=49 (full 0):
 garbage-first heap   total 322560K, used 92083K [0x00000000a2000000, 0x0000000100000000)
  region size 1024K, 9 young (9216K), 9 survivors (9216K)
 Metaspace       used 58093K, committed 58368K, reserved 1114112K
  class space    used 6542K, committed 6720K, reserved 1048576K
}

Deoptimization events (20 events):
Event: 68.018 Thread 0x000002040a3ba6f0 Uncommon trap: trap_request=0xffffff45 fr.pc=0x0000020419dc739c relative=0x000000000000007c
Event: 68.018 Thread 0x000002040a3ba6f0 Uncommon trap: reason=unstable_if action=reinterpret pc=0x0000020419dc739c method=org.jetbrains.kotlin.resolve.calls.util.ResolvedCallUtilKt.toResolutionStatus(Lorg/jetbrains/kotlin/resolve/calls/tower/CandidateApplicability;)Lorg/jetbrains/kotlin/resolve
Event: 68.018 Thread 0x000002040a3ba6f0 DEOPT PACKING pc=0x0000020419dc739c sp=0x000000758bef94b0
Event: 68.018 Thread 0x000002040a3ba6f0 DEOPT UNPACKING pc=0x00000204192023a3 sp=0x000000758bef9450 mode 2
Event: 68.024 Thread 0x000002040a3ba6f0 Uncommon trap: trap_request=0xffffff45 fr.pc=0x0000020419bfb124 relative=0x00000000000004a4
Event: 68.024 Thread 0x000002040a3ba6f0 Uncommon trap: reason=unstable_if action=reinterpret pc=0x0000020419bfb124 method=org.jetbrains.kotlin.resolve.calls.util.ResolvedCallUtilKt.toResolutionStatus(Lorg/jetbrains/kotlin/resolve/calls/tower/CandidateApplicability;)Lorg/jetbrains/kotlin/resolve
Event: 68.024 Thread 0x000002040a3ba6f0 DEOPT PACKING pc=0x0000020419bfb124 sp=0x000000758bef9b80
Event: 68.024 Thread 0x000002040a3ba6f0 DEOPT UNPACKING pc=0x00000204192023a3 sp=0x000000758bef9a78 mode 2
Event: 68.050 Thread 0x000002040a3ba6f0 Uncommon trap: trap_request=0xffffffde fr.pc=0x0000020419c78d44 relative=0x00000000000035a4
Event: 68.050 Thread 0x000002040a3ba6f0 Uncommon trap: reason=class_check action=maybe_recompile pc=0x0000020419c78d44 method=org.jetbrains.kotlin.resolve.LazyExplicitImportScope.getContributedClassifier(Lorg/jetbrains/kotlin/name/Name;Lorg/jetbrains/kotlin/incremental/components/LookupLocation
Event: 68.050 Thread 0x000002040a3ba6f0 DEOPT PACKING pc=0x0000020419c78d44 sp=0x000000758bef8cd0
Event: 68.050 Thread 0x000002040a3ba6f0 DEOPT UNPACKING pc=0x00000204192023a3 sp=0x000000758bef8c58 mode 2
Event: 68.053 Thread 0x000002040a3ba6f0 Uncommon trap: trap_request=0xffffffde fr.pc=0x0000020419c78d44 relative=0x00000000000035a4
Event: 68.053 Thread 0x000002040a3ba6f0 Uncommon trap: reason=class_check action=maybe_recompile pc=0x0000020419c78d44 method=org.jetbrains.kotlin.resolve.LazyExplicitImportScope.getContributedClassifier(Lorg/jetbrains/kotlin/name/Name;Lorg/jetbrains/kotlin/incremental/components/LookupLocation
Event: 68.053 Thread 0x000002040a3ba6f0 DEOPT PACKING pc=0x0000020419c78d44 sp=0x000000758bef8e80
Event: 68.053 Thread 0x000002040a3ba6f0 DEOPT UNPACKING pc=0x00000204192023a3 sp=0x000000758bef8e08 mode 2
Event: 68.054 Thread 0x000002040a3ba6f0 Uncommon trap: trap_request=0xffffffde fr.pc=0x0000020419c78d44 relative=0x00000000000035a4
Event: 68.054 Thread 0x000002040a3ba6f0 Uncommon trap: reason=class_check action=maybe_recompile pc=0x0000020419c78d44 method=org.jetbrains.kotlin.resolve.LazyExplicitImportScope.getContributedClassifier(Lorg/jetbrains/kotlin/name/Name;Lorg/jetbrains/kotlin/incremental/components/LookupLocation
Event: 68.054 Thread 0x000002040a3ba6f0 DEOPT PACKING pc=0x0000020419c78d44 sp=0x000000758befa660
Event: 68.054 Thread 0x000002040a3ba6f0 DEOPT UNPACKING pc=0x00000204192023a3 sp=0x000000758befa5e8 mode 2

Classes unloaded (0 events):
No events

Classes redefined (0 events):
No events

Internal exceptions (20 events):
Event: 18.018 Thread 0x000002040a3ba6f0 Exception <a 'java/lang/NoSuchMethodError'{0x00000000a5ac3748}: 'java.lang.Object java.lang.invoke.Invokers$Holder.linkToTargetMethod(java.lang.Object, java.lang.Object, java.lang.Object, java.lang.Object, java.lang.Object, java.lang.Object, java.lang.Object, java.lang.Object)'> (0x00000000a5ac3748) 
thrown [s\open\src\hotspot\share\interpreter\linkResolver.cpp, line 759]
Event: 18.299 Thread 0x000002040a3ba6f0 Exception <a 'java/lang/NoSuchMethodError'{0x00000000a6441388}: 'int java.lang.invoke.DirectMethodHandle$Holder.invokeInterface(java.lang.Object, java.lang.Object)'> (0x00000000a6441388) 
thrown [s\open\src\hotspot\share\interpreter\linkResolver.cpp, line 759]
Event: 19.947 Thread 0x000002040a3ba6f0 Exception <a 'java/lang/IncompatibleClassChangeError'{0x00000000a6c1f3b8}: Found class java.lang.Object, but interface was expected> (0x00000000a6c1f3b8) 
thrown [s\open\src\hotspot\share\interpreter\linkResolver.cpp, line 826]
Event: 21.549 Thread 0x000002040a3ba6f0 Exception <a 'java/lang/NoSuchMethodError'{0x00000000a6da4828}: 'java.lang.Object java.lang.invoke.DirectMethodHandle$Holder.invokeSpecial(java.lang.Object, java.lang.Object, int, java.lang.Object, java.lang.Object)'> (0x00000000a6da4828) 
thrown [s\open\src\hotspot\share\interpreter\linkResolver.cpp, line 759]
Event: 21.695 Thread 0x000002040a3ba6f0 Exception <a 'java/lang/NoSuchMethodError'{0x00000000a6b9ef30}: 'java.lang.Object java.lang.invoke.DirectMethodHandle$Holder.invokeInterface(java.lang.Object, java.lang.Object, java.lang.Object)'> (0x00000000a6b9ef30) 
thrown [s\open\src\hotspot\share\interpreter\linkResolver.cpp, line 759]
Event: 21.696 Thread 0x000002040a3ba6f0 Exception <a 'java/lang/IncompatibleClassChangeError'{0x00000000a6ba2df0}: Found class java.lang.Object, but interface was expected> (0x00000000a6ba2df0) 
thrown [s\open\src\hotspot\share\interpreter\linkResolver.cpp, line 826]
Event: 21.707 Thread 0x000002040a3ba6f0 Implicit null exception at 0x0000020419886ef7 to 0x00000204198874d4
Event: 21.809 Thread 0x000002040a3ba6f0 Exception <a 'java/lang/NoSuchMethodError'{0x00000000a6abfd28}: 'int java.lang.invoke.DirectMethodHandle$Holder.invokeStaticInit(java.lang.Object, int)'> (0x00000000a6abfd28) 
thrown [s\open\src\hotspot\share\interpreter\linkResolver.cpp, line 759]
Event: 22.206 Thread 0x000002040a3ba6f0 Exception <a 'java/lang/NoSuchMethodError'{0x00000000a671c140}: 'java.lang.Object java.lang.invoke.DirectMethodHandle$Holder.invokeStatic(java.lang.Object, int, java.lang.Object)'> (0x00000000a671c140) 
thrown [s\open\src\hotspot\share\interpreter\linkResolver.cpp, line 759]
Event: 24.280 Thread 0x000002040a3ba6f0 Exception <a 'java/lang/NoSuchMethodError'{0x00000000a7838768}: 'java.lang.Object java.lang.invoke.DirectMethodHandle$Holder.invokeStatic(java.lang.Object, int, java.lang.Object, java.lang.Object)'> (0x00000000a7838768) 
thrown [s\open\src\hotspot\share\interpreter\linkResolver.cpp, line 759]
Event: 24.281 Thread 0x000002040a3ba6f0 Exception <a 'java/lang/NoSuchMethodError'{0x00000000a7840950}: 'java.lang.Object java.lang.invoke.DirectMethodHandle$Holder.newInvokeSpecial(java.lang.Object, int, java.lang.Object)'> (0x00000000a7840950) 
thrown [s\open\src\hotspot\share\interpreter\linkResolver.cpp, line 759]
Event: 28.399 Thread 0x000002040a3ba6f0 Exception <a 'java/lang/NoSuchMethodError'{0x00000000aab85c78}: 'java.lang.Object java.lang.invoke.DirectMethodHandle$Holder.newInvokeSpecial(java.lang.Object, java.lang.Object, java.lang.Object, java.lang.Object, java.lang.Object, java.lang.Object, java.lang.Object)'> (0x00000000aab85c78) 
thrown [s\open\src\hotspot\share\interpreter\linkResolver.cpp, line 759]
Event: 28.400 Thread 0x000002040a3ba6f0 Exception <a 'java/lang/NoSuchMethodError'{0x00000000aab8b028}: 'java.lang.Object java.lang.invoke.Invokers$Holder.linkToTargetMethod(java.lang.Object, java.lang.Object, java.lang.Object, java.lang.Object, java.lang.Object, java.lang.Object, java.lang.Object)'> (0x00000000aab8b028) 
thrown [s\open\src\hotspot\share\interpreter\linkResolver.cpp, line 759]
Event: 33.447 Thread 0x000002040a3ba6f0 Implicit null exception at 0x0000020419b8d2d3 to 0x0000020419b8ea2c
Event: 37.972 Thread 0x000002040a3ba6f0 Implicit null exception at 0x0000020419b4fc49 to 0x0000020419b5047c
Event: 41.081 Thread 0x000002040a3ba6f0 Implicit null exception at 0x000002041996e0af to 0x000002041996e134
Event: 54.099 Thread 0x000002040a3ba6f0 Implicit null exception at 0x0000020419cf03a9 to 0x0000020419cf12fc
Event: 54.403 Thread 0x000002040a3ba6f0 Implicit null exception at 0x0000020419d2867e to 0x0000020419d29f54
Event: 54.404 Thread 0x000002040a3ba6f0 Implicit null exception at 0x0000020419b20b14 to 0x0000020419b20ce0
Event: 67.958 Thread 0x000002040a3ba6f0 Implicit null exception at 0x000002041998856f to 0x000002041998871c

VM Operations (20 events):
Event: 64.014 Executing VM operation: ICBufferFull
Event: 64.015 Executing VM operation: ICBufferFull done
Event: 65.020 Executing VM operation: Cleanup
Event: 65.037 Executing VM operation: Cleanup done
Event: 65.092 Executing VM operation: HandshakeAllThreads
Event: 65.093 Executing VM operation: HandshakeAllThreads done
Event: 65.496 Executing VM operation: HandshakeAllThreads
Event: 65.496 Executing VM operation: HandshakeAllThreads done
Event: 65.569 Executing VM operation: HandshakeAllThreads
Event: 65.571 Executing VM operation: HandshakeAllThreads done
Event: 65.586 Executing VM operation: ICBufferFull
Event: 65.587 Executing VM operation: ICBufferFull done
Event: 66.601 Executing VM operation: Cleanup
Event: 66.603 Executing VM operation: Cleanup done
Event: 67.510 Executing VM operation: ICBufferFull
Event: 67.510 Executing VM operation: ICBufferFull done
Event: 67.550 Executing VM operation: HandshakeAllThreads
Event: 67.551 Executing VM operation: HandshakeAllThreads done
Event: 67.551 Executing VM operation: HandshakeAllThreads
Event: 67.551 Executing VM operation: HandshakeAllThreads done

Events (20 events):
Event: 67.587 Thread 0x0000020427180870 flushing nmethod 0x00000204132fb790
Event: 67.587 Thread 0x0000020427180870 flushing nmethod 0x0000020413312310
Event: 67.587 Thread 0x0000020427180870 flushing nmethod 0x000002041332e710
Event: 67.588 Thread 0x0000020427180870 flushing nmethod 0x00000204133c0390
Event: 67.589 Thread 0x0000020427180870 flushing nmethod 0x00000204134d8090
Event: 67.592 Thread 0x0000020427180870 flushing nmethod 0x00000204136c4810
Event: 67.593 Thread 0x0000020427180870 flushing nmethod 0x000002041379dd90
Event: 67.593 Thread 0x0000020427180870 flushing nmethod 0x00000204137ae710
Event: 67.594 Thread 0x0000020427180870 flushing nmethod 0x00000204137c6910
Event: 67.594 Thread 0x0000020427180870 flushing nmethod 0x0000020413838e90
Event: 67.594 Thread 0x0000020427180870 flushing nmethod 0x0000020413856390
Event: 67.596 Thread 0x0000020427180870 flushing nmethod 0x00000204139fe690
Event: 67.596 Thread 0x0000020427180870 flushing nmethod 0x0000020413a00e10
Event: 67.597 Thread 0x0000020427180870 flushing nmethod 0x0000020413a44210
Event: 67.597 Thread 0x0000020427180870 flushing nmethod 0x0000020413a51a10
Event: 67.597 Thread 0x0000020427180870 flushing nmethod 0x0000020413a7a910
Event: 67.597 Thread 0x0000020427180870 flushing nmethod 0x0000020413a8b090
Event: 67.597 Thread 0x0000020427180870 flushing nmethod 0x0000020413a93590
Event: 67.598 Thread 0x0000020427180870 flushing nmethod 0x0000020413af8410
Event: 67.598 Thread 0x0000020427180870 flushing nmethod 0x0000020413afbc10


Dynamic libraries:
0x00007ff6ae380000 - 0x00007ff6ae390000 	C:\Program Files\Java\jdk-17\bin\java.exe
0x00007ffc088d0000 - 0x00007ffc08ac8000 	C:\Windows\SYSTEM32\ntdll.dll
0x00007ffc07a70000 - 0x00007ffc07b31000 	C:\Windows\System32\KERNEL32.DLL
0x00007ffc05fb0000 - 0x00007ffc062ad000 	C:\Windows\System32\KERNELBASE.dll
0x00007ffc06660000 - 0x00007ffc06760000 	C:\Windows\System32\ucrtbase.dll
0x00007ffbdabf0000 - 0x00007ffbdac0b000 	C:\Program Files\Java\jdk-17\bin\VCRUNTIME140.dll
0x00007ffbdac10000 - 0x00007ffbdac29000 	C:\Program Files\Java\jdk-17\bin\jli.dll
0x00007ffc06900000 - 0x00007ffc069b0000 	C:\Windows\System32\ADVAPI32.dll
0x00007ffc07100000 - 0x00007ffc0719e000 	C:\Windows\System32\msvcrt.dll
0x00007ffc069b0000 - 0x00007ffc06a50000 	C:\Windows\System32\sechost.dll
0x00007ffc07500000 - 0x00007ffc07623000 	C:\Windows\System32\RPCRT4.dll
0x00007ffc068d0000 - 0x00007ffc068f7000 	C:\Windows\System32\bcrypt.dll
0x00007ffc07280000 - 0x00007ffc0741d000 	C:\Windows\System32\USER32.dll
0x00007ffc05f80000 - 0x00007ffc05fa2000 	C:\Windows\System32\win32u.dll
0x00007ffc06ff0000 - 0x00007ffc0701b000 	C:\Windows\System32\GDI32.dll
0x00007ffc06540000 - 0x00007ffc06657000 	C:\Windows\System32\gdi32full.dll
0x00007ffc064a0000 - 0x00007ffc0653d000 	C:\Windows\System32\msvcp_win.dll
0x00007ffbfde80000 - 0x00007ffbfde8a000 	C:\Windows\SYSTEM32\VERSION.dll
0x00007ffbf9780000 - 0x00007ffbf9a1a000 	C:\Windows\WinSxS\amd64_microsoft.windows.common-controls_6595b64144ccf1df_6.0.19041.4355_none_60b8b9eb71f62e16\COMCTL32.dll
0x00007ffc077d0000 - 0x00007ffc077ff000 	C:\Windows\System32\IMM32.DLL
0x00007ffbddf00000 - 0x00007ffbddf0c000 	C:\Program Files\Java\jdk-17\bin\vcruntime140_1.dll
0x00007ffbd1cc0000 - 0x00007ffbd1d4e000 	C:\Program Files\Java\jdk-17\bin\msvcp140.dll
0x00007ffbae2a0000 - 0x00007ffbaee80000 	C:\Program Files\Java\jdk-17\bin\server\jvm.dll
0x00007ffc071a0000 - 0x00007ffc071a8000 	C:\Windows\System32\PSAPI.DLL
0x00007ffbf5470000 - 0x00007ffbf5497000 	C:\Windows\SYSTEM32\WINMM.dll
0x00007ffbddc20000 - 0x00007ffbddc29000 	C:\Windows\SYSTEM32\WSOCK32.dll
0x00007ffc07210000 - 0x00007ffc0727b000 	C:\Windows\System32\WS2_32.dll
0x00007ffc047d0000 - 0x00007ffc047e2000 	C:\Windows\SYSTEM32\kernel.appcore.dll
0x00007ffbdd810000 - 0x00007ffbdd81a000 	C:\Program Files\Java\jdk-17\bin\jimage.dll
0x00007ffc039e0000 - 0x00007ffc03bc4000 	C:\Windows\SYSTEM32\DBGHELP.DLL
0x00007ffbe6260000 - 0x00007ffbe6294000 	C:\Windows\SYSTEM32\dbgcore.DLL
0x00007ffc062b0000 - 0x00007ffc06332000 	C:\Windows\System32\bcryptPrimitives.dll
0x00007ffbda940000 - 0x00007ffbda965000 	C:\Program Files\Java\jdk-17\bin\java.dll
0x00007ffbbb0b0000 - 0x00007ffbbb187000 	C:\Program Files\Java\jdk-17\bin\jsvml.dll
0x00007ffc08050000 - 0x00007ffc087bf000 	C:\Windows\System32\SHELL32.dll
0x00007ffc03fe0000 - 0x00007ffc04783000 	C:\Windows\SYSTEM32\windows.storage.dll
0x00007ffc07b40000 - 0x00007ffc07e93000 	C:\Windows\System32\combase.dll
0x00007ffc059b0000 - 0x00007ffc059de000 	C:\Windows\SYSTEM32\Wldp.dll
0x00007ffc07020000 - 0x00007ffc070ed000 	C:\Windows\System32\OLEAUT32.dll
0x00007ffc07940000 - 0x00007ffc079ed000 	C:\Windows\System32\SHCORE.dll
0x00007ffc071b0000 - 0x00007ffc07205000 	C:\Windows\System32\shlwapi.dll
0x00007ffc05eb0000 - 0x00007ffc05ed4000 	C:\Windows\SYSTEM32\profapi.dll
0x00007ffbdaba0000 - 0x00007ffbdabb9000 	C:\Program Files\Java\jdk-17\bin\net.dll
0x00007ffbfc160000 - 0x00007ffbfc26d000 	C:\Windows\SYSTEM32\WINHTTP.dll
0x00007ffc05710000 - 0x00007ffc0577a000 	C:\Windows\system32\mswsock.dll
0x00007ffbda7c0000 - 0x00007ffbda7d6000 	C:\Program Files\Java\jdk-17\bin\nio.dll
0x00007ffbda7a0000 - 0x00007ffbda7b8000 	C:\Program Files\Java\jdk-17\bin\zip.dll
0x00007ffbdabd0000 - 0x00007ffbdabe0000 	C:\Program Files\Java\jdk-17\bin\verify.dll

dbghelp: loaded successfully - version: 4.0.5 - missing functions: none
symbol engine: initialized successfully - sym options: 0x614 - pdb path: .;C:\Program Files\Java\jdk-17\bin;C:\Windows\SYSTEM32;C:\Windows\WinSxS\amd64_microsoft.windows.common-controls_6595b64144ccf1df_6.0.19041.4355_none_60b8b9eb71f62e16;C:\Program Files\Java\jdk-17\bin\server

VM Arguments:
java_command: org.jetbrains.kotlin.cli.jvm.K2JVMCompiler @E:\dream-frontend-host\node_modules\expo-modules-core\android\build\20241005_10088177274140081722.compiler.options
java_class_path (initial): C:\Users\ashwi\.gradle\caches\modules-2\files-2.1\org.jetbrains.kotlin\kotlin-compiler-embeddable\1.9.22\9cd4dc7773cf2a99ecd961a88fbbc9a2da3fb5e1\kotlin-compiler-embeddable-1.9.22.jar;C:\Users\ashwi\.gradle\caches\modules-2\files-2.1\org.jetbrains.kotlin\kotlin-stdlib\1.9.22\d6c44cd08d8f3f9bece8101216dbe6553365c6e3\kotlin-stdlib-1.9.22.jar;C:\Users\ashwi\.gradle\caches\modules-2\files-2.1\org.jetbrains.kotlin\kotlin-script-runtime\1.9.22\f8139a46fc677ec9badc49ae954392f4f5e7e7c7\kotlin-script-runtime-1.9.22.jar;C:\Users\ashwi\.gradle\caches\modules-2\files-2.1\org.jetbrains.kotlin\kotlin-reflect\1.6.10\1cbe9c92c12a94eea200d23c2bbaedaf3daf5132\kotlin-reflect-1.6.10.jar;C:\Users\ashwi\.gradle\caches\modules-2\files-2.1\org.jetbrains.kotlin\kotlin-daemon-embeddable\1.9.22\20e2c5df715f3240c765cfc222530e2796542021\kotlin-daemon-embeddable-1.9.22.jar;C:\Users\ashwi\.gradle\caches\modules-2\files-2.1\org.jetbrains.intellij.deps\trove4j\1.0.20200330\3afb14d5f9ceb459d724e907a21145e8ff394f02\trove4j-1.0.20200330.jar;C:\Users\ashwi\.gradle\caches\modules-2\files-2.1\org.jetbrains\annotations\13.0\919f0dfe192fb4e063e7dacadee7f8bb9a2672a9\annotations-13.0.jar
Launcher Type: SUN_STANDARD

[Global flags]
     intx CICompilerCount                          = 4                                         {product} {ergonomic}
     uint ConcGCThreads                            = 2                                         {product} {ergonomic}
     uint G1ConcRefinementThreads                  = 8                                         {product} {ergonomic}
   size_t G1HeapRegionSize                         = 1048576                                   {product} {ergonomic}
    uintx GCDrainStackTargetSize                   = 64                                        {product} {ergonomic}
   size_t InitialHeapSize                          = 98566144                                  {product} {ergonomic}
   size_t MarkStackSize                            = 4194304                                   {product} {ergonomic}
   size_t MaxHeapSize                              = 1577058304                                {product} {ergonomic}
   size_t MaxNewSize                               = 945815552                                 {product} {ergonomic}
   size_t MinHeapDeltaBytes                        = 1048576                                   {product} {ergonomic}
   size_t MinHeapSize                              = 8388608                                   {product} {ergonomic}
    uintx NonNMethodCodeHeapSize                   = 5839372                                {pd product} {ergonomic}
    uintx NonProfiledCodeHeapSize                  = 122909434                              {pd product} {ergonomic}
    uintx ProfiledCodeHeapSize                     = 122909434                              {pd product} {ergonomic}
    uintx ReservedCodeCacheSize                    = 251658240                              {pd product} {ergonomic}
     bool SegmentedCodeCache                       = true                                      {product} {ergonomic}
   size_t SoftMaxHeapSize                          = 1577058304                             {manageable} {ergonomic}
     bool UseCompressedClassPointers               = true                           {product lp64_product} {ergonomic}
     bool UseCompressedOops                        = true                           {product lp64_product} {ergonomic}
     bool UseG1GC                                  = true                                      {product} {ergonomic}
     bool UseLargePagesIndividualAllocation        = false                                  {pd product} {ergonomic}

Logging:
Log output configuration:
 #0: stdout all=warning uptime,level,tags
 #1: stderr all=off uptime,level,tags

Environment Variables:
JAVA_HOME=C:\Program Files\Java\jdk-17
CLASSPATH=E:\dream-frontend-host\android\\gradle\wrapper\gradle-wrapper.jar
PATH=C:\Program Files\Common Files\Oracle\Java\javapath;C:\Python312\Scripts\;C:\Python312\;C:\Windows\system32;C:\Windows;C:\Windows\System32\Wbem;C:\Windows\System32\WindowsPowerShell\v1.0\;C:\Windows\System32\OpenSSH\;C:\ProgramData\chocolatey\bin;C:\Program Files\Git\cmd;C:\Program Files\Java\jdk-17\bin;C:\Program Files\Common Files\Oracle\Java\javatmp;C:\Users\ashwi\AppData\Local\Android\Sdk\platform-tools;sdk.dir=C:\\Users\\ashwi\\AppData\\Local\\Android\\Sdk;C:\Users\ashwi\AppData\Roaming\nvm;C:\Program Files\nodejs;C:\Users\ashwi\AppData\Local\Android\Sdk\emulator;C:\Users\ashwi\AppData\Local\Microsoft\WindowsApps;C:\Users\ashwi\AppData\Local\Programs\Microsoft VS Code\bin;C:\Users\ashwi\AppData\Roaming\nvm;C:\Program Files\nodejs
USERNAME=ashwi
LANG=en_US.UTF-8
OS=Windows_NT
PROCESSOR_IDENTIFIER=AMD64 Family 23 Model 24 Stepping 1, AuthenticAMD



---------------  S Y S T E M  ---------------

OS:
 Windows 10 , 64 bit Build 19041 (10.0.19041.4842)
OS uptime: 0 days 19:27 hours

CPU: total 8 (initial active 8) (8 cores per cpu, 2 threads per core) family 23 model 24 stepping 1 microcode 0x0, cx8, cmov, fxsr, ht, mmx, 3dnowpref, sse, sse2, sse3, ssse3, sse4a, sse4.1, sse4.2, popcnt, lzcnt, tsc, tscinvbit, avx, avx2, aes, clmul, bmi1, bmi2, adx, sha, fma, vzeroupper, clflush, clflushopt

Memory: 4k page, system-wide physical 6015M (124M free)
TotalPageFile size 24447M (AvailPageFile size 2M)
current process WorkingSet (physical memory assigned to process): 299M, peak: 347M
current process commit charge ("private bytes"): 551M, peak: 566M

vm_info: Java HotSpot(TM) 64-Bit Server VM (17.0.12+8-LTS-286) for windows-amd64 JRE (17.0.12+8-LTS-286), built on Jun  5 2024 06:46:59 by "mach5one" with MS VC++ 17.6 (VS2022)

END.
